<?xml version="1.0" encoding="utf-8"?>
<test-run id="2" name="Open-Lab-04.08.dll" fullname="C:/Users/onkom/Source/Repos/Open-Lab-04.08/Open-Lab-04.08/bin/Debug/netcoreapp3.0/Open-Lab-04.08.dll" testcasecount="100" result="Passed" start-time="2021-11-09 20:19:33Z" end-time="2021-11-09 20:19:33Z" duration="0.674024" total="100" passed="100" failed="0" inconclusive="0" skipped="0" asserts="100" random-seed="858558970">
  <command-line><![CDATA[C:\Users\onkom\Source\Repos\Open-Lab-04.08\Open-Lab-04.08\bin\Debug\netcoreapp3.0\Open-Lab-04.08.dll]]></command-line>
  <filter />
  <test-suite type="Assembly" id="1103" name="Open-Lab-04.08.dll" fullname="C:/Users/onkom/Source/Repos/Open-Lab-04.08/Open-Lab-04.08/bin/Debug/netcoreapp3.0/Open-Lab-04.08.dll" runstate="Runnable" testcasecount="100" result="Passed" start-time="2021-11-09 20:19:33Z" end-time="2021-11-09 20:19:33Z" duration="0.674024" total="100" passed="100" failed="0" warnings="0" inconclusive="0" skipped="0" asserts="100">
    <environment framework-version="3.12.0.0" clr-version="3.1.19" os-version="Microsoft Windows 10.0.19042" platform="Win32NT" cwd="C:\Users\onkom\Source\Repos\Open-Lab-04.08\Open-Lab-04.08\bin\Debug\netcoreapp3.0" machine-name="DESKTOP-7OQAPDJ" user="onkom" user-domain="DESKTOP-7OQAPDJ" culture="en-US" uiculture="en-US" os-architecture="x64" />
    <settings>
      <setting name="WorkDirectory" value="C:\Users\onkom\Source\Repos\Open-Lab-04.08\Open-Lab-04.08\bin\Debug\netcoreapp3.0" />
      <setting name="NumberOfTestWorkers" value="4" />
    </settings>
    <properties>
      <property name="_PID" value="15684" />
      <property name="_APPDOMAIN" value="Open-Lab-04.08" />
    </properties>
    <test-suite type="TestSuite" id="1104" name="Open_Lab_04" fullname="Open_Lab_04" runstate="Runnable" testcasecount="100" result="Passed" start-time="2021-11-09 20:19:33Z" end-time="2021-11-09 20:19:33Z" duration="0.627375" total="100" passed="100" failed="0" warnings="0" inconclusive="0" skipped="0" asserts="100">
      <test-suite type="TestSuite" id="1105" name="_08" fullname="Open_Lab_04._08" runstate="Runnable" testcasecount="100" result="Passed" start-time="2021-11-09 20:19:33Z" end-time="2021-11-09 20:19:33Z" duration="0.622476" total="100" passed="100" failed="0" warnings="0" inconclusive="0" skipped="0" asserts="100">
        <test-suite type="TestFixture" id="1000" name="Tests" fullname="Open_Lab_04._08.Tests" classname="Open_Lab_04._08.Tests" runstate="Runnable" testcasecount="100" result="Passed" start-time="2021-11-09 20:19:33Z" end-time="2021-11-09 20:19:33Z" duration="0.606771" total="100" passed="100" failed="0" warnings="0" inconclusive="0" skipped="0" asserts="100">
          <test-suite type="ParameterizedMethod" id="1004" name="IsFourLettersTest" fullname="Open_Lab_04._08.Tests.IsFourLettersTest" classname="Open_Lab_04._08.Tests" runstate="Runnable" testcasecount="3" result="Passed" start-time="2021-11-09 20:19:33Z" end-time="2021-11-09 20:19:33Z" duration="0.132636" total="3" passed="3" failed="0" warnings="0" inconclusive="0" skipped="0" asserts="3">
            <test-case id="1001" name="IsFourLettersTest([&quot;Tomato&quot;, &quot;Potato&quot;, &quot;Pair&quot;],[&quot;Pair&quot;])" fullname="Open_Lab_04._08.Tests.IsFourLettersTest([&quot;Tomato&quot;, &quot;Potato&quot;, &quot;Pair&quot;],[&quot;Pair&quot;])" methodname="IsFourLettersTest" classname="Open_Lab_04._08.Tests" runstate="Runnable" seed="27620780" result="Passed" start-time="2021-11-09 20:19:33Z" end-time="2021-11-09 20:19:33Z" duration="0.060845" asserts="1" />
            <test-case id="1002" name="IsFourLettersTest([&quot;Kangaroo&quot;, &quot;Bear&quot;, &quot;Fox&quot;],[&quot;Bear&quot;])" fullname="Open_Lab_04._08.Tests.IsFourLettersTest([&quot;Kangaroo&quot;, &quot;Bear&quot;, &quot;Fox&quot;],[&quot;Bear&quot;])" methodname="IsFourLettersTest" classname="Open_Lab_04._08.Tests" runstate="Runnable" seed="1991877264" result="Passed" start-time="2021-11-09 20:19:33Z" end-time="2021-11-09 20:19:33Z" duration="0.000802" asserts="1" />
            <test-case id="1003" name="IsFourLettersTest([&quot;Ryan&quot;, &quot;Kieran&quot;, &quot;Jason&quot;, &quot;Matt&quot;],[&quot;Ryan&quot;, &quot;Matt&quot;])" fullname="Open_Lab_04._08.Tests.IsFourLettersTest([&quot;Ryan&quot;, &quot;Kieran&quot;, &quot;Jason&quot;, &quot;Matt&quot;],[&quot;Ryan&quot;, &quot;Matt&quot;])" methodname="IsFourLettersTest" classname="Open_Lab_04._08.Tests" runstate="Runnable" seed="606974842" result="Passed" start-time="2021-11-09 20:19:33Z" end-time="2021-11-09 20:19:33Z" duration="0.000302" asserts="1" />
          </test-suite>
          <test-suite type="ParameterizedMethod" id="1102" name="IsFourLettersTestRandom" fullname="Open_Lab_04._08.Tests.IsFourLettersTestRandom" classname="Open_Lab_04._08.Tests" runstate="Runnable" testcasecount="97" result="Passed" start-time="2021-11-09 20:19:33Z" end-time="2021-11-09 20:19:33Z" duration="0.438370" total="97" passed="97" failed="0" warnings="0" inconclusive="0" skipped="0" asserts="97">
            <test-case id="1005" name="IsFourLettersTestRandom([&quot;&lt;2O&quot;, &quot;Re_0&quot;, &quot;9;g&quot;, &quot;3T8&quot;, &quot;tl&quot;, ...],[&quot;Re_0&quot;, &quot;MtHB&quot;, &quot;N:Pb&quot;, &quot;`[cq&quot;, &quot;xGf3&quot;, ...])" fullname="Open_Lab_04._08.Tests.IsFourLettersTestRandom([&quot;&lt;2O&quot;, &quot;Re_0&quot;, &quot;9;g&quot;, &quot;3T8&quot;, &quot;tl&quot;, ...],[&quot;Re_0&quot;, &quot;MtHB&quot;, &quot;N:Pb&quot;, &quot;`[cq&quot;, &quot;xGf3&quot;, ...])" methodname="IsFourLettersTestRandom" classname="Open_Lab_04._08.Tests" runstate="Runnable" seed="217694180" result="Passed" start-time="2021-11-09 20:19:33Z" end-time="2021-11-09 20:19:33Z" duration="0.000838" asserts="1" />
            <test-case id="1006" name="IsFourLettersTestRandom([&quot;JpN^b&quot;, &quot;Vdsa4C&quot;, &quot;hqKMy&quot;, &quot;@3q;al&quot;, &quot;a8[5&quot;, ...],[&quot;a8[5&quot;, &quot;g?@g&quot;, &quot;xEoK&quot;, &quot;?:\\J&quot;])" fullname="Open_Lab_04._08.Tests.IsFourLettersTestRandom([&quot;JpN^b&quot;, &quot;Vdsa4C&quot;, &quot;hqKMy&quot;, &quot;@3q;al&quot;, &quot;a8[5&quot;, ...],[&quot;a8[5&quot;, &quot;g?@g&quot;, &quot;xEoK&quot;, &quot;?:\\J&quot;])" methodname="IsFourLettersTestRandom" classname="Open_Lab_04._08.Tests" runstate="Runnable" seed="130733229" result="Passed" start-time="2021-11-09 20:19:33Z" end-time="2021-11-09 20:19:33Z" duration="0.000451" asserts="1" />
            <test-case id="1007" name="IsFourLettersTestRandom([&quot;&gt;;fsP&quot;, &quot;G6W&quot;, &quot;Yy&quot;, &quot;]?hX&quot;, &quot;dZR3&quot;, ...],[&quot;]?hX&quot;, &quot;dZR3&quot;, &quot;xWvQ&quot;, &quot;7U]9&quot;, &quot;9RQA&quot;, ...])" fullname="Open_Lab_04._08.Tests.IsFourLettersTestRandom([&quot;&gt;;fsP&quot;, &quot;G6W&quot;, &quot;Yy&quot;, &quot;]?hX&quot;, &quot;dZR3&quot;, ...],[&quot;]?hX&quot;, &quot;dZR3&quot;, &quot;xWvQ&quot;, &quot;7U]9&quot;, &quot;9RQA&quot;, ...])" methodname="IsFourLettersTestRandom" classname="Open_Lab_04._08.Tests" runstate="Runnable" seed="1055293358" result="Passed" start-time="2021-11-09 20:19:33Z" end-time="2021-11-09 20:19:33Z" duration="0.000240" asserts="1" />
            <test-case id="1008" name="IsFourLettersTestRandom([&quot;PB&quot;, &quot;h_&gt;Og&quot;, &quot;O?w&quot;, &quot;R69uD&quot;, &quot;_6mW[&quot;, ...],[&quot;\\Sj6&quot;, &quot;zz]f&quot;, &quot;5BeF&quot;, &quot;p4@A&quot;, &quot;:cO&lt;&quot;, ...])" fullname="Open_Lab_04._08.Tests.IsFourLettersTestRandom([&quot;PB&quot;, &quot;h_&gt;Og&quot;, &quot;O?w&quot;, &quot;R69uD&quot;, &quot;_6mW[&quot;, ...],[&quot;\\Sj6&quot;, &quot;zz]f&quot;, &quot;5BeF&quot;, &quot;p4@A&quot;, &quot;:cO&lt;&quot;, ...])" methodname="IsFourLettersTestRandom" classname="Open_Lab_04._08.Tests" runstate="Runnable" seed="1471773606" result="Passed" start-time="2021-11-09 20:19:33Z" end-time="2021-11-09 20:19:33Z" duration="0.000265" asserts="1" />
            <test-case id="1009" name="IsFourLettersTestRandom([&quot;h9_&quot;, &quot;3PLJ&quot;, &quot;3W0IyX&quot;, &quot;@&gt;8t&quot;, &quot;T^&quot;, ...],[&quot;3PLJ&quot;, &quot;@&gt;8t&quot;, &quot;29AC&quot;, &quot;f;QV&quot;, &quot;&gt;@Hb&quot;, ...])" fullname="Open_Lab_04._08.Tests.IsFourLettersTestRandom([&quot;h9_&quot;, &quot;3PLJ&quot;, &quot;3W0IyX&quot;, &quot;@&gt;8t&quot;, &quot;T^&quot;, ...],[&quot;3PLJ&quot;, &quot;@&gt;8t&quot;, &quot;29AC&quot;, &quot;f;QV&quot;, &quot;&gt;@Hb&quot;, ...])" methodname="IsFourLettersTestRandom" classname="Open_Lab_04._08.Tests" runstate="Runnable" seed="1257007730" result="Passed" start-time="2021-11-09 20:19:33Z" end-time="2021-11-09 20:19:33Z" duration="0.000232" asserts="1" />
            <test-case id="1010" name="IsFourLettersTestRandom([&quot;ikRAc&quot;, &quot;Ca`Yk&quot;, &quot;G7e&quot;, &quot;G\\2l&quot;, &quot;lL5^6s&quot;, ...],[&quot;G\\2l&quot;, &quot;YEVt&quot;, &quot;wN^8&quot;, &quot;;Xu_&quot;, &quot;BZV4&quot;, ...])" fullname="Open_Lab_04._08.Tests.IsFourLettersTestRandom([&quot;ikRAc&quot;, &quot;Ca`Yk&quot;, &quot;G7e&quot;, &quot;G\\2l&quot;, &quot;lL5^6s&quot;, ...],[&quot;G\\2l&quot;, &quot;YEVt&quot;, &quot;wN^8&quot;, &quot;;Xu_&quot;, &quot;BZV4&quot;, ...])" methodname="IsFourLettersTestRandom" classname="Open_Lab_04._08.Tests" runstate="Runnable" seed="1696222092" result="Passed" start-time="2021-11-09 20:19:33Z" end-time="2021-11-09 20:19:33Z" duration="0.000221" asserts="1" />
            <test-case id="1011" name="IsFourLettersTestRandom([&quot;G6@&quot;, &quot;28TL&quot;, &quot;pALrJ&quot;, &quot;oR&quot;, &quot;8`&quot;, ...],[&quot;28TL&quot;, &quot;TkNV&quot;, &quot;NPR9&quot;, &quot;di&gt;5&quot;, &quot;R]fc&quot;, ...])" fullname="Open_Lab_04._08.Tests.IsFourLettersTestRandom([&quot;G6@&quot;, &quot;28TL&quot;, &quot;pALrJ&quot;, &quot;oR&quot;, &quot;8`&quot;, ...],[&quot;28TL&quot;, &quot;TkNV&quot;, &quot;NPR9&quot;, &quot;di&gt;5&quot;, &quot;R]fc&quot;, ...])" methodname="IsFourLettersTestRandom" classname="Open_Lab_04._08.Tests" runstate="Runnable" seed="245127840" result="Passed" start-time="2021-11-09 20:19:33Z" end-time="2021-11-09 20:19:33Z" duration="0.000237" asserts="1" />
            <test-case id="1012" name="IsFourLettersTestRandom([&quot;Aia3yb&quot;, &quot;60&quot;, &quot;4lJb1&quot;, &quot;:tx&quot;, &quot;tTS&quot;, ...],[&quot;Ghyc&quot;])" fullname="Open_Lab_04._08.Tests.IsFourLettersTestRandom([&quot;Aia3yb&quot;, &quot;60&quot;, &quot;4lJb1&quot;, &quot;:tx&quot;, &quot;tTS&quot;, ...],[&quot;Ghyc&quot;])" methodname="IsFourLettersTestRandom" classname="Open_Lab_04._08.Tests" runstate="Runnable" seed="46410859" result="Passed" start-time="2021-11-09 20:19:33Z" end-time="2021-11-09 20:19:33Z" duration="0.000226" asserts="1" />
            <test-case id="1013" name="IsFourLettersTestRandom([&quot;2YJ&quot;, &quot;lM&quot;, &quot;WT&quot;, &quot;IhYZrb&quot;, &quot;aO&quot;, ...],[&quot;oRIa&quot;, &quot;kswd&quot;, &quot;kNBN&quot;, &quot;Mx[Y&quot;, &quot;`y][&quot;, ...])" fullname="Open_Lab_04._08.Tests.IsFourLettersTestRandom([&quot;2YJ&quot;, &quot;lM&quot;, &quot;WT&quot;, &quot;IhYZrb&quot;, &quot;aO&quot;, ...],[&quot;oRIa&quot;, &quot;kswd&quot;, &quot;kNBN&quot;, &quot;Mx[Y&quot;, &quot;`y][&quot;, ...])" methodname="IsFourLettersTestRandom" classname="Open_Lab_04._08.Tests" runstate="Runnable" seed="2048120929" result="Passed" start-time="2021-11-09 20:19:33Z" end-time="2021-11-09 20:19:33Z" duration="0.000222" asserts="1" />
            <test-case id="1014" name="IsFourLettersTestRandom([&quot;Siqy&gt;[&quot;, &quot;l7l&quot;, &quot;E0mGN&quot;, &quot;aF2U?&quot;, &quot;@WA&lt;&quot;, ...],[&quot;@WA&lt;&quot;])" fullname="Open_Lab_04._08.Tests.IsFourLettersTestRandom([&quot;Siqy&gt;[&quot;, &quot;l7l&quot;, &quot;E0mGN&quot;, &quot;aF2U?&quot;, &quot;@WA&lt;&quot;, ...],[&quot;@WA&lt;&quot;])" methodname="IsFourLettersTestRandom" classname="Open_Lab_04._08.Tests" runstate="Runnable" seed="2046703794" result="Passed" start-time="2021-11-09 20:19:33Z" end-time="2021-11-09 20:19:33Z" duration="0.003110" asserts="1" />
            <test-case id="1015" name="IsFourLettersTestRandom([&quot;LXZv&quot;, &quot;0a9Yu&quot;, &quot;0AUZ5_&quot;, &quot;TC&quot;, &quot;aRx&quot;, ...],[&quot;LXZv&quot;, &quot;NpiK&quot;, &quot;Qb\\J&quot;, &quot;F:sh&quot;, &quot;yDdz&quot;, ...])" fullname="Open_Lab_04._08.Tests.IsFourLettersTestRandom([&quot;LXZv&quot;, &quot;0a9Yu&quot;, &quot;0AUZ5_&quot;, &quot;TC&quot;, &quot;aRx&quot;, ...],[&quot;LXZv&quot;, &quot;NpiK&quot;, &quot;Qb\\J&quot;, &quot;F:sh&quot;, &quot;yDdz&quot;, ...])" methodname="IsFourLettersTestRandom" classname="Open_Lab_04._08.Tests" runstate="Runnable" seed="943423314" result="Passed" start-time="2021-11-09 20:19:33Z" end-time="2021-11-09 20:19:33Z" duration="0.001491" asserts="1" />
            <test-case id="1016" name="IsFourLettersTestRandom([&quot;DGPt&quot;, &quot;9GBt&quot;, &quot;czEC&quot;, &quot;P]ONV&quot;, &quot;0UqPh&quot;, ...],[&quot;DGPt&quot;, &quot;9GBt&quot;, &quot;czEC&quot;, &quot;]Zk3&quot;, &quot;tunA&quot;, ...])" fullname="Open_Lab_04._08.Tests.IsFourLettersTestRandom([&quot;DGPt&quot;, &quot;9GBt&quot;, &quot;czEC&quot;, &quot;P]ONV&quot;, &quot;0UqPh&quot;, ...],[&quot;DGPt&quot;, &quot;9GBt&quot;, &quot;czEC&quot;, &quot;]Zk3&quot;, &quot;tunA&quot;, ...])" methodname="IsFourLettersTestRandom" classname="Open_Lab_04._08.Tests" runstate="Runnable" seed="2095708934" result="Passed" start-time="2021-11-09 20:19:33Z" end-time="2021-11-09 20:19:33Z" duration="0.001527" asserts="1" />
            <test-case id="1017" name="IsFourLettersTestRandom([&quot;V&lt;1:&quot;, &quot;U[nj2i&quot;, &quot;rM3DDc&quot;, &quot;B0&quot;, &quot;cqzg&quot;, ...],[&quot;V&lt;1:&quot;, &quot;cqzg&quot;, &quot;2S;:&quot;])" fullname="Open_Lab_04._08.Tests.IsFourLettersTestRandom([&quot;V&lt;1:&quot;, &quot;U[nj2i&quot;, &quot;rM3DDc&quot;, &quot;B0&quot;, &quot;cqzg&quot;, ...],[&quot;V&lt;1:&quot;, &quot;cqzg&quot;, &quot;2S;:&quot;])" methodname="IsFourLettersTestRandom" classname="Open_Lab_04._08.Tests" runstate="Runnable" seed="1818074596" result="Passed" start-time="2021-11-09 20:19:33Z" end-time="2021-11-09 20:19:33Z" duration="0.002220" asserts="1" />
            <test-case id="1018" name="IsFourLettersTestRandom([&quot;t7HmyZ&quot;, &quot;BKa[h&quot;, &quot;t8BI&quot;, &quot;b@&quot;, &quot;mJJIOz&quot;, ...],[&quot;t8BI&quot;, &quot;\\hfn&quot;])" fullname="Open_Lab_04._08.Tests.IsFourLettersTestRandom([&quot;t7HmyZ&quot;, &quot;BKa[h&quot;, &quot;t8BI&quot;, &quot;b@&quot;, &quot;mJJIOz&quot;, ...],[&quot;t8BI&quot;, &quot;\\hfn&quot;])" methodname="IsFourLettersTestRandom" classname="Open_Lab_04._08.Tests" runstate="Runnable" seed="1122669530" result="Passed" start-time="2021-11-09 20:19:33Z" end-time="2021-11-09 20:19:33Z" duration="0.000918" asserts="1" />
            <test-case id="1019" name="IsFourLettersTestRandom([&quot;YZKC&quot;, &quot;dsFUJ4&quot;, &quot;2mqF&quot;, &quot;@\\^&quot;, &quot;8CTI&quot;, ...],[&quot;YZKC&quot;, &quot;2mqF&quot;, &quot;8CTI&quot;, &quot;np:I&quot;, &quot;oDtc&quot;, ...])" fullname="Open_Lab_04._08.Tests.IsFourLettersTestRandom([&quot;YZKC&quot;, &quot;dsFUJ4&quot;, &quot;2mqF&quot;, &quot;@\\^&quot;, &quot;8CTI&quot;, ...],[&quot;YZKC&quot;, &quot;2mqF&quot;, &quot;8CTI&quot;, &quot;np:I&quot;, &quot;oDtc&quot;, ...])" methodname="IsFourLettersTestRandom" classname="Open_Lab_04._08.Tests" runstate="Runnable" seed="669668582" result="Passed" start-time="2021-11-09 20:19:33Z" end-time="2021-11-09 20:19:33Z" duration="0.001388" asserts="1" />
            <test-case id="1020" name="IsFourLettersTestRandom([&quot;_v&quot;, &quot;Z6Xox&quot;, &quot;ZRM01&quot;, &quot;M\\&quot;, &quot;4s&gt;c&quot;, ...],[&quot;4s&gt;c&quot;, &quot;?pU&lt;&quot;, &quot;Ni[?&quot;, &quot;xwKN&quot;, &quot;k49I&quot;])" fullname="Open_Lab_04._08.Tests.IsFourLettersTestRandom([&quot;_v&quot;, &quot;Z6Xox&quot;, &quot;ZRM01&quot;, &quot;M\\&quot;, &quot;4s&gt;c&quot;, ...],[&quot;4s&gt;c&quot;, &quot;?pU&lt;&quot;, &quot;Ni[?&quot;, &quot;xwKN&quot;, &quot;k49I&quot;])" methodname="IsFourLettersTestRandom" classname="Open_Lab_04._08.Tests" runstate="Runnable" seed="1987982585" result="Passed" start-time="2021-11-09 20:19:33Z" end-time="2021-11-09 20:19:33Z" duration="0.001840" asserts="1" />
            <test-case id="1021" name="IsFourLettersTestRandom([&quot;M8hA&quot;, &quot;M?r&quot;, &quot;XTl&gt;3&quot;, &quot;Mr_3&quot;, &quot;&lt;91gZ&quot;, ...],[&quot;M8hA&quot;, &quot;Mr_3&quot;, &quot;HHFT&quot;, &quot;b?qk&quot;, &quot;i`5K&quot;, ...])" fullname="Open_Lab_04._08.Tests.IsFourLettersTestRandom([&quot;M8hA&quot;, &quot;M?r&quot;, &quot;XTl&gt;3&quot;, &quot;Mr_3&quot;, &quot;&lt;91gZ&quot;, ...],[&quot;M8hA&quot;, &quot;Mr_3&quot;, &quot;HHFT&quot;, &quot;b?qk&quot;, &quot;i`5K&quot;, ...])" methodname="IsFourLettersTestRandom" classname="Open_Lab_04._08.Tests" runstate="Runnable" seed="1234312856" result="Passed" start-time="2021-11-09 20:19:33Z" end-time="2021-11-09 20:19:33Z" duration="0.000642" asserts="1" />
            <test-case id="1022" name="IsFourLettersTestRandom([&quot;RV:&quot;, &quot;G1i&quot;, &quot;_F5&quot;, &quot;xsY0&quot;, &quot;slCz&lt;E&quot;, ...],[&quot;xsY0&quot;, &quot;cduG&quot;, &quot;q7HK&quot;, &quot;LY:q&quot;, &quot;3r6q&quot;, ...])" fullname="Open_Lab_04._08.Tests.IsFourLettersTestRandom([&quot;RV:&quot;, &quot;G1i&quot;, &quot;_F5&quot;, &quot;xsY0&quot;, &quot;slCz&lt;E&quot;, ...],[&quot;xsY0&quot;, &quot;cduG&quot;, &quot;q7HK&quot;, &quot;LY:q&quot;, &quot;3r6q&quot;, ...])" methodname="IsFourLettersTestRandom" classname="Open_Lab_04._08.Tests" runstate="Runnable" seed="914729207" result="Passed" start-time="2021-11-09 20:19:33Z" end-time="2021-11-09 20:19:33Z" duration="0.000237" asserts="1" />
            <test-case id="1023" name="IsFourLettersTestRandom([&quot;&gt;4zb&gt;&quot;, &quot;F:&gt;m3&quot;, &quot;b0&quot;, &quot;j8W&quot;, &quot;7eIhd;&quot;, ...],[&quot;2gqT&quot;, &quot;;RJP&quot;, &quot;`VDS&quot;, &quot;_^Ts&quot;, &quot;aSpR&quot;, ...])" fullname="Open_Lab_04._08.Tests.IsFourLettersTestRandom([&quot;&gt;4zb&gt;&quot;, &quot;F:&gt;m3&quot;, &quot;b0&quot;, &quot;j8W&quot;, &quot;7eIhd;&quot;, ...],[&quot;2gqT&quot;, &quot;;RJP&quot;, &quot;`VDS&quot;, &quot;_^Ts&quot;, &quot;aSpR&quot;, ...])" methodname="IsFourLettersTestRandom" classname="Open_Lab_04._08.Tests" runstate="Runnable" seed="1722085764" result="Passed" start-time="2021-11-09 20:19:33Z" end-time="2021-11-09 20:19:33Z" duration="0.002430" asserts="1" />
            <test-case id="1024" name="IsFourLettersTestRandom([&quot;Ine&quot;, &quot;MxNQb&quot;, &quot;622uF&quot;, &quot;4J&quot;, &quot;b6]m9&quot;, ...],[&quot;?d1:&quot;, &quot;iv&lt;s&quot;, &quot;zt[^&quot;, &quot;f]c8&quot;, &quot;Kxr5&quot;, ...])" fullname="Open_Lab_04._08.Tests.IsFourLettersTestRandom([&quot;Ine&quot;, &quot;MxNQb&quot;, &quot;622uF&quot;, &quot;4J&quot;, &quot;b6]m9&quot;, ...],[&quot;?d1:&quot;, &quot;iv&lt;s&quot;, &quot;zt[^&quot;, &quot;f]c8&quot;, &quot;Kxr5&quot;, ...])" methodname="IsFourLettersTestRandom" classname="Open_Lab_04._08.Tests" runstate="Runnable" seed="254632725" result="Passed" start-time="2021-11-09 20:19:33Z" end-time="2021-11-09 20:19:33Z" duration="0.000166" asserts="1" />
            <test-case id="1025" name="IsFourLettersTestRandom([&quot;V1S=&quot;, &quot;&gt;a&quot;, &quot;G4h&quot;, &quot;G[=sAs&quot;, &quot;OqEJ0&quot;, ...],[&quot;V1S=&quot;, &quot;?^1p&quot;, &quot;i5]a&quot;, &quot;^`Cg&quot;, &quot;`^;W&quot;, ...])" fullname="Open_Lab_04._08.Tests.IsFourLettersTestRandom([&quot;V1S=&quot;, &quot;&gt;a&quot;, &quot;G4h&quot;, &quot;G[=sAs&quot;, &quot;OqEJ0&quot;, ...],[&quot;V1S=&quot;, &quot;?^1p&quot;, &quot;i5]a&quot;, &quot;^`Cg&quot;, &quot;`^;W&quot;, ...])" methodname="IsFourLettersTestRandom" classname="Open_Lab_04._08.Tests" runstate="Runnable" seed="692573670" result="Passed" start-time="2021-11-09 20:19:33Z" end-time="2021-11-09 20:19:33Z" duration="0.000106" asserts="1" />
            <test-case id="1026" name="IsFourLettersTestRandom([&quot;gw&quot;, &quot;XASM&quot;, &quot;Htxt6&quot;, &quot;C_PEP&quot;, &quot;1dN6&quot;, ...],[&quot;XASM&quot;, &quot;1dN6&quot;, &quot;3L@z&quot;, &quot;&lt;Jft&quot;, &quot;a2ia&quot;, ...])" fullname="Open_Lab_04._08.Tests.IsFourLettersTestRandom([&quot;gw&quot;, &quot;XASM&quot;, &quot;Htxt6&quot;, &quot;C_PEP&quot;, &quot;1dN6&quot;, ...],[&quot;XASM&quot;, &quot;1dN6&quot;, &quot;3L@z&quot;, &quot;&lt;Jft&quot;, &quot;a2ia&quot;, ...])" methodname="IsFourLettersTestRandom" classname="Open_Lab_04._08.Tests" runstate="Runnable" seed="1075443500" result="Passed" start-time="2021-11-09 20:19:33Z" end-time="2021-11-09 20:19:33Z" duration="0.000212" asserts="1" />
            <test-case id="1027" name="IsFourLettersTestRandom([&quot;yPx&quot;, &quot;?h:&quot;, &quot;1w_&quot;, &quot;DmcCx&lt;&quot;, &quot;DQS&quot;, ...],[&quot;2XOc&quot;, &quot;I2ZR&quot;, &quot;cVnM&quot;, &quot;Pcg0&quot;, &quot;mbgN&quot;, ...])" fullname="Open_Lab_04._08.Tests.IsFourLettersTestRandom([&quot;yPx&quot;, &quot;?h:&quot;, &quot;1w_&quot;, &quot;DmcCx&lt;&quot;, &quot;DQS&quot;, ...],[&quot;2XOc&quot;, &quot;I2ZR&quot;, &quot;cVnM&quot;, &quot;Pcg0&quot;, &quot;mbgN&quot;, ...])" methodname="IsFourLettersTestRandom" classname="Open_Lab_04._08.Tests" runstate="Runnable" seed="232691823" result="Passed" start-time="2021-11-09 20:19:33Z" end-time="2021-11-09 20:19:33Z" duration="0.000232" asserts="1" />
            <test-case id="1028" name="IsFourLettersTestRandom([&quot;yCIq5&quot;, &quot;`5sY&quot;, &quot;\\z[`Ks&quot;, &quot;9H&quot;, &quot;T4F&quot;, ...],[&quot;`5sY&quot;, &quot;v^h=&quot;])" fullname="Open_Lab_04._08.Tests.IsFourLettersTestRandom([&quot;yCIq5&quot;, &quot;`5sY&quot;, &quot;\\z[`Ks&quot;, &quot;9H&quot;, &quot;T4F&quot;, ...],[&quot;`5sY&quot;, &quot;v^h=&quot;])" methodname="IsFourLettersTestRandom" classname="Open_Lab_04._08.Tests" runstate="Runnable" seed="1074485918" result="Passed" start-time="2021-11-09 20:19:33Z" end-time="2021-11-09 20:19:33Z" duration="0.000186" asserts="1" />
            <test-case id="1029" name="IsFourLettersTestRandom([&quot;zQNeMU&quot;, &quot;MT@2&quot;, &quot;wiQE&quot;, &quot;9dN&quot;, &quot;x[73PP&quot;, ...],[&quot;MT@2&quot;, &quot;wiQE&quot;, &quot;LOb4&quot;])" fullname="Open_Lab_04._08.Tests.IsFourLettersTestRandom([&quot;zQNeMU&quot;, &quot;MT@2&quot;, &quot;wiQE&quot;, &quot;9dN&quot;, &quot;x[73PP&quot;, ...],[&quot;MT@2&quot;, &quot;wiQE&quot;, &quot;LOb4&quot;])" methodname="IsFourLettersTestRandom" classname="Open_Lab_04._08.Tests" runstate="Runnable" seed="1496183502" result="Passed" start-time="2021-11-09 20:19:33Z" end-time="2021-11-09 20:19:33Z" duration="0.000112" asserts="1" />
            <test-case id="1030" name="IsFourLettersTestRandom([&quot;aGl&quot;, &quot;UL&quot;, &quot;q1R40O&quot;, &quot;K4g4p&quot;, &quot;HGAK&quot;, ...],[&quot;HGAK&quot;, &quot;Ulh9&quot;, &quot;i4@^&quot;, &quot;ioz@&quot;, &quot;eL4M&quot;, ...])" fullname="Open_Lab_04._08.Tests.IsFourLettersTestRandom([&quot;aGl&quot;, &quot;UL&quot;, &quot;q1R40O&quot;, &quot;K4g4p&quot;, &quot;HGAK&quot;, ...],[&quot;HGAK&quot;, &quot;Ulh9&quot;, &quot;i4@^&quot;, &quot;ioz@&quot;, &quot;eL4M&quot;, ...])" methodname="IsFourLettersTestRandom" classname="Open_Lab_04._08.Tests" runstate="Runnable" seed="1396907097" result="Passed" start-time="2021-11-09 20:19:33Z" end-time="2021-11-09 20:19:33Z" duration="0.000095" asserts="1" />
            <test-case id="1031" name="IsFourLettersTestRandom([&quot;9dQ&quot;, &quot;=QxL&quot;, &quot;?K5eF&quot;, &quot;;Yj&quot;, &quot;J6`5z&quot;, ...],[&quot;=QxL&quot;, &quot;f_EB&quot;, &quot;^jaA&quot;, &quot;WS8]&quot;, &quot;r3dy&quot;, ...])" fullname="Open_Lab_04._08.Tests.IsFourLettersTestRandom([&quot;9dQ&quot;, &quot;=QxL&quot;, &quot;?K5eF&quot;, &quot;;Yj&quot;, &quot;J6`5z&quot;, ...],[&quot;=QxL&quot;, &quot;f_EB&quot;, &quot;^jaA&quot;, &quot;WS8]&quot;, &quot;r3dy&quot;, ...])" methodname="IsFourLettersTestRandom" classname="Open_Lab_04._08.Tests" runstate="Runnable" seed="1582879991" result="Passed" start-time="2021-11-09 20:19:33Z" end-time="2021-11-09 20:19:33Z" duration="0.000597" asserts="1" />
            <test-case id="1032" name="IsFourLettersTestRandom([&quot;cm35F&quot;, &quot;7mFzCV&quot;, &quot;k@gIW&quot;, &quot;4kpr3T&quot;, &quot;IvHV6&quot;, ...],[&quot;F:t^&quot;, &quot;eJEd&quot;, &quot;\\qpA&quot;, &quot;iHLs&quot;, &quot;ce^E&quot;, ...])" fullname="Open_Lab_04._08.Tests.IsFourLettersTestRandom([&quot;cm35F&quot;, &quot;7mFzCV&quot;, &quot;k@gIW&quot;, &quot;4kpr3T&quot;, &quot;IvHV6&quot;, ...],[&quot;F:t^&quot;, &quot;eJEd&quot;, &quot;\\qpA&quot;, &quot;iHLs&quot;, &quot;ce^E&quot;, ...])" methodname="IsFourLettersTestRandom" classname="Open_Lab_04._08.Tests" runstate="Runnable" seed="630921839" result="Passed" start-time="2021-11-09 20:19:33Z" end-time="2021-11-09 20:19:33Z" duration="0.001059" asserts="1" />
            <test-case id="1033" name="IsFourLettersTestRandom([&quot;pXJK7&quot;, &quot;&gt;pj&quot;, &quot;iu&quot;, &quot;XkcDR&quot;, &quot;3I\\0&quot;, ...],[&quot;3I\\0&quot;, &quot;Q9cT&quot;, &quot;Uouf&quot;, &quot;BLvU&quot;, &quot;0[HS&quot;, ...])" fullname="Open_Lab_04._08.Tests.IsFourLettersTestRandom([&quot;pXJK7&quot;, &quot;&gt;pj&quot;, &quot;iu&quot;, &quot;XkcDR&quot;, &quot;3I\\0&quot;, ...],[&quot;3I\\0&quot;, &quot;Q9cT&quot;, &quot;Uouf&quot;, &quot;BLvU&quot;, &quot;0[HS&quot;, ...])" methodname="IsFourLettersTestRandom" classname="Open_Lab_04._08.Tests" runstate="Runnable" seed="419629509" result="Passed" start-time="2021-11-09 20:19:33Z" end-time="2021-11-09 20:19:33Z" duration="0.000664" asserts="1" />
            <test-case id="1034" name="IsFourLettersTestRandom([&quot;IvL&quot;, &quot;WcS&quot;, &quot;6_6g&quot;, &quot;HG3wp&quot;, &quot;SO&quot;, ...],[&quot;6_6g&quot;, &quot;nMGq&quot;, &quot;8m_k&quot;, &quot;Xy8@&quot;, &quot;1uiC&quot;])" fullname="Open_Lab_04._08.Tests.IsFourLettersTestRandom([&quot;IvL&quot;, &quot;WcS&quot;, &quot;6_6g&quot;, &quot;HG3wp&quot;, &quot;SO&quot;, ...],[&quot;6_6g&quot;, &quot;nMGq&quot;, &quot;8m_k&quot;, &quot;Xy8@&quot;, &quot;1uiC&quot;])" methodname="IsFourLettersTestRandom" classname="Open_Lab_04._08.Tests" runstate="Runnable" seed="369966868" result="Passed" start-time="2021-11-09 20:19:33Z" end-time="2021-11-09 20:19:33Z" duration="0.000189" asserts="1" />
            <test-case id="1035" name="IsFourLettersTestRandom([&quot;Zb&quot;, &quot;=S&quot;, &quot;Gzo]&quot;, &quot;49NQnZ&quot;, &quot;J0Qbk&quot;, ...],[&quot;Gzo]&quot;, &quot;Grds&quot;, &quot;]w@7&quot;, &quot;cvH;&quot;, &quot;V5Ie&quot;, ...])" fullname="Open_Lab_04._08.Tests.IsFourLettersTestRandom([&quot;Zb&quot;, &quot;=S&quot;, &quot;Gzo]&quot;, &quot;49NQnZ&quot;, &quot;J0Qbk&quot;, ...],[&quot;Gzo]&quot;, &quot;Grds&quot;, &quot;]w@7&quot;, &quot;cvH;&quot;, &quot;V5Ie&quot;, ...])" methodname="IsFourLettersTestRandom" classname="Open_Lab_04._08.Tests" runstate="Runnable" seed="406545390" result="Passed" start-time="2021-11-09 20:19:33Z" end-time="2021-11-09 20:19:33Z" duration="0.000095" asserts="1" />
            <test-case id="1036" name="IsFourLettersTestRandom([&quot;2Zh&quot;, &quot;x1k&quot;, &quot;k\\=O&quot;, &quot;ri&quot;, &quot;]dx\\hI&quot;, ...],[&quot;k\\=O&quot;, &quot;SQ?Z&quot;, &quot;^Af9&quot;, &quot;\\7CK&quot;, &quot;0DsH&quot;, ...])" fullname="Open_Lab_04._08.Tests.IsFourLettersTestRandom([&quot;2Zh&quot;, &quot;x1k&quot;, &quot;k\\=O&quot;, &quot;ri&quot;, &quot;]dx\\hI&quot;, ...],[&quot;k\\=O&quot;, &quot;SQ?Z&quot;, &quot;^Af9&quot;, &quot;\\7CK&quot;, &quot;0DsH&quot;, ...])" methodname="IsFourLettersTestRandom" classname="Open_Lab_04._08.Tests" runstate="Runnable" seed="1261282736" result="Passed" start-time="2021-11-09 20:19:33Z" end-time="2021-11-09 20:19:33Z" duration="0.000645" asserts="1" />
            <test-case id="1037" name="IsFourLettersTestRandom([&quot;fRe&quot;, &quot;?WF&quot;, &quot;m4V=&quot;, &quot;&lt;u&quot;, &quot;iu&quot;, ...],[&quot;m4V=&quot;, &quot;\\zpN&quot;, &quot;L\\NI&quot;, &quot;qB5Y&quot;, &quot;TuG&lt;&quot;, ...])" fullname="Open_Lab_04._08.Tests.IsFourLettersTestRandom([&quot;fRe&quot;, &quot;?WF&quot;, &quot;m4V=&quot;, &quot;&lt;u&quot;, &quot;iu&quot;, ...],[&quot;m4V=&quot;, &quot;\\zpN&quot;, &quot;L\\NI&quot;, &quot;qB5Y&quot;, &quot;TuG&lt;&quot;, ...])" methodname="IsFourLettersTestRandom" classname="Open_Lab_04._08.Tests" runstate="Runnable" seed="405651106" result="Passed" start-time="2021-11-09 20:19:33Z" end-time="2021-11-09 20:19:33Z" duration="0.000665" asserts="1" />
            <test-case id="1038" name="IsFourLettersTestRandom([&quot;=AmDS&quot;, &quot;2GJ[&quot;, &quot;9I&quot;, &quot;;5&quot;, &quot;@xzrv&quot;, ...],[&quot;2GJ[&quot;, &quot;g8oL&quot;, &quot;T@u&lt;&quot;, &quot;9UkR&quot;])" fullname="Open_Lab_04._08.Tests.IsFourLettersTestRandom([&quot;=AmDS&quot;, &quot;2GJ[&quot;, &quot;9I&quot;, &quot;;5&quot;, &quot;@xzrv&quot;, ...],[&quot;2GJ[&quot;, &quot;g8oL&quot;, &quot;T@u&lt;&quot;, &quot;9UkR&quot;])" methodname="IsFourLettersTestRandom" classname="Open_Lab_04._08.Tests" runstate="Runnable" seed="1404861218" result="Passed" start-time="2021-11-09 20:19:33Z" end-time="2021-11-09 20:19:33Z" duration="0.000275" asserts="1" />
            <test-case id="1039" name="IsFourLettersTestRandom([&quot;cz&lt;&quot;, &quot;n_&quot;, &quot;IP:I&quot;, &quot;RELpH6&quot;, &quot;H2Ut&quot;, ...],[&quot;IP:I&quot;, &quot;H2Ut&quot;, &quot;_7q:&quot;, &quot;^nd9&quot;, &quot;UfE&gt;&quot;, ...])" fullname="Open_Lab_04._08.Tests.IsFourLettersTestRandom([&quot;cz&lt;&quot;, &quot;n_&quot;, &quot;IP:I&quot;, &quot;RELpH6&quot;, &quot;H2Ut&quot;, ...],[&quot;IP:I&quot;, &quot;H2Ut&quot;, &quot;_7q:&quot;, &quot;^nd9&quot;, &quot;UfE&gt;&quot;, ...])" methodname="IsFourLettersTestRandom" classname="Open_Lab_04._08.Tests" runstate="Runnable" seed="1903371819" result="Passed" start-time="2021-11-09 20:19:33Z" end-time="2021-11-09 20:19:33Z" duration="0.002204" asserts="1" />
            <test-case id="1040" name="IsFourLettersTestRandom([&quot;PbHhH&quot;, &quot;;q6QDD&quot;, &quot;W3wx&gt;&quot;, &quot;8Aa&quot;, &quot;GByBH&quot;, ...],[&quot;Wjq0&quot;, &quot;Jam6&quot;, &quot;Prdp&quot;, &quot;^N^l&quot;, &quot;vZg0&quot;, ...])" fullname="Open_Lab_04._08.Tests.IsFourLettersTestRandom([&quot;PbHhH&quot;, &quot;;q6QDD&quot;, &quot;W3wx&gt;&quot;, &quot;8Aa&quot;, &quot;GByBH&quot;, ...],[&quot;Wjq0&quot;, &quot;Jam6&quot;, &quot;Prdp&quot;, &quot;^N^l&quot;, &quot;vZg0&quot;, ...])" methodname="IsFourLettersTestRandom" classname="Open_Lab_04._08.Tests" runstate="Runnable" seed="1009473943" result="Passed" start-time="2021-11-09 20:19:33Z" end-time="2021-11-09 20:19:33Z" duration="0.000180" asserts="1" />
            <test-case id="1041" name="IsFourLettersTestRandom([&quot;V&lt;k&quot;, &quot;1Mx&quot;, &quot;V7T&quot;, &quot;BJ@I;&quot;, &quot;IKk[&quot;, ...],[&quot;IKk[&quot;, &quot;MLqd&quot;, &quot;`M==&quot;, &quot;&lt;xBi&quot;, &quot;&gt;`=:&quot;, ...])" fullname="Open_Lab_04._08.Tests.IsFourLettersTestRandom([&quot;V&lt;k&quot;, &quot;1Mx&quot;, &quot;V7T&quot;, &quot;BJ@I;&quot;, &quot;IKk[&quot;, ...],[&quot;IKk[&quot;, &quot;MLqd&quot;, &quot;`M==&quot;, &quot;&lt;xBi&quot;, &quot;&gt;`=:&quot;, ...])" methodname="IsFourLettersTestRandom" classname="Open_Lab_04._08.Tests" runstate="Runnable" seed="1655121721" result="Passed" start-time="2021-11-09 20:19:33Z" end-time="2021-11-09 20:19:33Z" duration="0.000270" asserts="1" />
            <test-case id="1042" name="IsFourLettersTestRandom([&quot;3=7rU&quot;, &quot;m@&quot;, &quot;Ws&quot;, &quot;Uf&quot;, &quot;]Io&quot;, ...],[])" fullname="Open_Lab_04._08.Tests.IsFourLettersTestRandom([&quot;3=7rU&quot;, &quot;m@&quot;, &quot;Ws&quot;, &quot;Uf&quot;, &quot;]Io&quot;, ...],[])" methodname="IsFourLettersTestRandom" classname="Open_Lab_04._08.Tests" runstate="Runnable" seed="651790337" result="Passed" start-time="2021-11-09 20:19:33Z" end-time="2021-11-09 20:19:33Z" duration="0.000300" asserts="1" />
            <test-case id="1043" name="IsFourLettersTestRandom([&quot;:\\4&quot;, &quot;Vi&quot;, &quot;IB;&quot;, &quot;]WBs&quot;, &quot;I7k&quot;, ...],[&quot;]WBs&quot;, &quot;\\`cy&quot;, &quot;2@IJ&quot;, &quot;oOFI&quot;])" fullname="Open_Lab_04._08.Tests.IsFourLettersTestRandom([&quot;:\\4&quot;, &quot;Vi&quot;, &quot;IB;&quot;, &quot;]WBs&quot;, &quot;I7k&quot;, ...],[&quot;]WBs&quot;, &quot;\\`cy&quot;, &quot;2@IJ&quot;, &quot;oOFI&quot;])" methodname="IsFourLettersTestRandom" classname="Open_Lab_04._08.Tests" runstate="Runnable" seed="19531314" result="Passed" start-time="2021-11-09 20:19:33Z" end-time="2021-11-09 20:19:33Z" duration="0.001391" asserts="1" />
            <test-case id="1044" name="IsFourLettersTestRandom([&quot;14x&quot;, &quot;:?[F&quot;, &quot;`Q;&quot;, &quot;0@&lt;y&quot;, &quot;Mj_&quot;, ...],[&quot;:?[F&quot;, &quot;0@&lt;y&quot;, &quot;5^^9&quot;, &quot;r23@&quot;, &quot;gH9;&quot;, ...])" fullname="Open_Lab_04._08.Tests.IsFourLettersTestRandom([&quot;14x&quot;, &quot;:?[F&quot;, &quot;`Q;&quot;, &quot;0@&lt;y&quot;, &quot;Mj_&quot;, ...],[&quot;:?[F&quot;, &quot;0@&lt;y&quot;, &quot;5^^9&quot;, &quot;r23@&quot;, &quot;gH9;&quot;, ...])" methodname="IsFourLettersTestRandom" classname="Open_Lab_04._08.Tests" runstate="Runnable" seed="348374063" result="Passed" start-time="2021-11-09 20:19:33Z" end-time="2021-11-09 20:19:33Z" duration="0.000220" asserts="1" />
            <test-case id="1045" name="IsFourLettersTestRandom([&quot;1j3HDH&quot;, &quot;mV&quot;, &quot;jf\\&quot;, &quot;=tL3&quot;, &quot;Y1qJn&quot;, ...],[&quot;=tL3&quot;, &quot;d:i:&quot;, &quot;h1SQ&quot;, &quot;0[^l&quot;, &quot;ht9@&quot;, ...])" fullname="Open_Lab_04._08.Tests.IsFourLettersTestRandom([&quot;1j3HDH&quot;, &quot;mV&quot;, &quot;jf\\&quot;, &quot;=tL3&quot;, &quot;Y1qJn&quot;, ...],[&quot;=tL3&quot;, &quot;d:i:&quot;, &quot;h1SQ&quot;, &quot;0[^l&quot;, &quot;ht9@&quot;, ...])" methodname="IsFourLettersTestRandom" classname="Open_Lab_04._08.Tests" runstate="Runnable" seed="1441753088" result="Passed" start-time="2021-11-09 20:19:33Z" end-time="2021-11-09 20:19:33Z" duration="0.000264" asserts="1" />
            <test-case id="1046" name="IsFourLettersTestRandom([&quot;&lt;AP&quot;, &quot;Q5eRb&quot;, &quot;64T&lt;&quot;, &quot;Zn2XE&quot;, &quot;0qWK1&quot;, ...],[&quot;64T&lt;&quot;, &quot;px54&quot;, &quot;IgkW&quot;, &quot;&lt;0iV&quot;, &quot;xa:Y&quot;, ...])" fullname="Open_Lab_04._08.Tests.IsFourLettersTestRandom([&quot;&lt;AP&quot;, &quot;Q5eRb&quot;, &quot;64T&lt;&quot;, &quot;Zn2XE&quot;, &quot;0qWK1&quot;, ...],[&quot;64T&lt;&quot;, &quot;px54&quot;, &quot;IgkW&quot;, &quot;&lt;0iV&quot;, &quot;xa:Y&quot;, ...])" methodname="IsFourLettersTestRandom" classname="Open_Lab_04._08.Tests" runstate="Runnable" seed="247455857" result="Passed" start-time="2021-11-09 20:19:33Z" end-time="2021-11-09 20:19:33Z" duration="0.000205" asserts="1" />
            <test-case id="1047" name="IsFourLettersTestRandom([&quot;_YVvu&quot;, &quot;EX`5in&quot;, &quot;]le7H&quot;, &quot;YZ&quot;, &quot;V[mG8p&quot;, ...],[&quot;kC=T&quot;, &quot;L3tL&quot;])" fullname="Open_Lab_04._08.Tests.IsFourLettersTestRandom([&quot;_YVvu&quot;, &quot;EX`5in&quot;, &quot;]le7H&quot;, &quot;YZ&quot;, &quot;V[mG8p&quot;, ...],[&quot;kC=T&quot;, &quot;L3tL&quot;])" methodname="IsFourLettersTestRandom" classname="Open_Lab_04._08.Tests" runstate="Runnable" seed="1728245567" result="Passed" start-time="2021-11-09 20:19:33Z" end-time="2021-11-09 20:19:33Z" duration="0.000213" asserts="1" />
            <test-case id="1048" name="IsFourLettersTestRandom([&quot;fo;o&quot;, &quot;U[l&quot;, &quot;8I3nPu&quot;, &quot;iV&quot;, &quot;td7&quot;, ...],[&quot;fo;o&quot;, &quot;ZO^d&quot;, &quot;7HI4&quot;, &quot;Rg^L&quot;, &quot;O\\l1&quot;, ...])" fullname="Open_Lab_04._08.Tests.IsFourLettersTestRandom([&quot;fo;o&quot;, &quot;U[l&quot;, &quot;8I3nPu&quot;, &quot;iV&quot;, &quot;td7&quot;, ...],[&quot;fo;o&quot;, &quot;ZO^d&quot;, &quot;7HI4&quot;, &quot;Rg^L&quot;, &quot;O\\l1&quot;, ...])" methodname="IsFourLettersTestRandom" classname="Open_Lab_04._08.Tests" runstate="Runnable" seed="196640385" result="Passed" start-time="2021-11-09 20:19:33Z" end-time="2021-11-09 20:19:33Z" duration="0.000229" asserts="1" />
            <test-case id="1049" name="IsFourLettersTestRandom([&quot;;W&quot;, &quot;QG=&quot;, &quot;_kdTI&quot;, &quot;ii3CWM&quot;, &quot;]z91b&quot;, ...],[&quot;NJ_a&quot;, &quot;rl\\y&quot;, &quot;bNvS&quot;, &quot;_7\\R&quot;, &quot;&lt;:vB&quot;, ...])" fullname="Open_Lab_04._08.Tests.IsFourLettersTestRandom([&quot;;W&quot;, &quot;QG=&quot;, &quot;_kdTI&quot;, &quot;ii3CWM&quot;, &quot;]z91b&quot;, ...],[&quot;NJ_a&quot;, &quot;rl\\y&quot;, &quot;bNvS&quot;, &quot;_7\\R&quot;, &quot;&lt;:vB&quot;, ...])" methodname="IsFourLettersTestRandom" classname="Open_Lab_04._08.Tests" runstate="Runnable" seed="1797799046" result="Passed" start-time="2021-11-09 20:19:33Z" end-time="2021-11-09 20:19:33Z" duration="0.000585" asserts="1" />
            <test-case id="1050" name="IsFourLettersTestRandom([&quot;990EyZ&quot;, &quot;Hc&quot;, &quot;Hi&quot;, &quot;r_`M19&quot;, &quot;@H1l&quot;, ...],[&quot;@H1l&quot;, &quot;8a38&quot;])" fullname="Open_Lab_04._08.Tests.IsFourLettersTestRandom([&quot;990EyZ&quot;, &quot;Hc&quot;, &quot;Hi&quot;, &quot;r_`M19&quot;, &quot;@H1l&quot;, ...],[&quot;@H1l&quot;, &quot;8a38&quot;])" methodname="IsFourLettersTestRandom" classname="Open_Lab_04._08.Tests" runstate="Runnable" seed="1927554665" result="Passed" start-time="2021-11-09 20:19:33Z" end-time="2021-11-09 20:19:33Z" duration="0.000636" asserts="1" />
            <test-case id="1051" name="IsFourLettersTestRandom([&quot;Cb?ew&quot;, &quot;Sjqp`R&quot;, &quot;2Bsm8`&quot;, &quot;l8&gt;dq&quot;, &quot;1?OZ_a&quot;, ...],[&quot;Rhy;&quot;, &quot;Uo4l&quot;, &quot;bS8k&quot;, &quot;&gt;oew&quot;, &quot;2J]`&quot;, ...])" fullname="Open_Lab_04._08.Tests.IsFourLettersTestRandom([&quot;Cb?ew&quot;, &quot;Sjqp`R&quot;, &quot;2Bsm8`&quot;, &quot;l8&gt;dq&quot;, &quot;1?OZ_a&quot;, ...],[&quot;Rhy;&quot;, &quot;Uo4l&quot;, &quot;bS8k&quot;, &quot;&gt;oew&quot;, &quot;2J]`&quot;, ...])" methodname="IsFourLettersTestRandom" classname="Open_Lab_04._08.Tests" runstate="Runnable" seed="489443445" result="Passed" start-time="2021-11-09 20:19:33Z" end-time="2021-11-09 20:19:33Z" duration="0.000605" asserts="1" />
            <test-case id="1052" name="IsFourLettersTestRandom([&quot;SG^F&quot;, &quot;&gt;OF7&quot;, &quot;AMAY&quot;, &quot;q6HN&quot;, &quot;W@GH&quot;, ...],[&quot;SG^F&quot;, &quot;&gt;OF7&quot;, &quot;AMAY&quot;, &quot;q6HN&quot;, &quot;W@GH&quot;, ...])" fullname="Open_Lab_04._08.Tests.IsFourLettersTestRandom([&quot;SG^F&quot;, &quot;&gt;OF7&quot;, &quot;AMAY&quot;, &quot;q6HN&quot;, &quot;W@GH&quot;, ...],[&quot;SG^F&quot;, &quot;&gt;OF7&quot;, &quot;AMAY&quot;, &quot;q6HN&quot;, &quot;W@GH&quot;, ...])" methodname="IsFourLettersTestRandom" classname="Open_Lab_04._08.Tests" runstate="Runnable" seed="1802774229" result="Passed" start-time="2021-11-09 20:19:33Z" end-time="2021-11-09 20:19:33Z" duration="0.001325" asserts="1" />
            <test-case id="1053" name="IsFourLettersTestRandom([&quot;gupx&quot;, &quot;Ad?u\\&quot;, &quot;@gu6W&quot;, &quot;aTzde&quot;, &quot;Whk&quot;, ...],[&quot;gupx&quot;, &quot;jkiO&quot;, &quot;m&lt;mH&quot;, &quot;Tm7A&quot;, &quot;8dek&quot;, ...])" fullname="Open_Lab_04._08.Tests.IsFourLettersTestRandom([&quot;gupx&quot;, &quot;Ad?u\\&quot;, &quot;@gu6W&quot;, &quot;aTzde&quot;, &quot;Whk&quot;, ...],[&quot;gupx&quot;, &quot;jkiO&quot;, &quot;m&lt;mH&quot;, &quot;Tm7A&quot;, &quot;8dek&quot;, ...])" methodname="IsFourLettersTestRandom" classname="Open_Lab_04._08.Tests" runstate="Runnable" seed="429092305" result="Passed" start-time="2021-11-09 20:19:33Z" end-time="2021-11-09 20:19:33Z" duration="0.000591" asserts="1" />
            <test-case id="1054" name="IsFourLettersTestRandom([&quot;e7IUo&quot;, &quot;D\\&quot;, &quot;pAvrC&quot;, &quot;AKWe&quot;, &quot;3C&quot;, ...],[&quot;AKWe&quot;, &quot;1q;z&quot;, &quot;eMQv&quot;, &quot;jOn&gt;&quot;, &quot;P4iH&quot;, ...])" fullname="Open_Lab_04._08.Tests.IsFourLettersTestRandom([&quot;e7IUo&quot;, &quot;D\\&quot;, &quot;pAvrC&quot;, &quot;AKWe&quot;, &quot;3C&quot;, ...],[&quot;AKWe&quot;, &quot;1q;z&quot;, &quot;eMQv&quot;, &quot;jOn&gt;&quot;, &quot;P4iH&quot;, ...])" methodname="IsFourLettersTestRandom" classname="Open_Lab_04._08.Tests" runstate="Runnable" seed="1428486927" result="Passed" start-time="2021-11-09 20:19:33Z" end-time="2021-11-09 20:19:33Z" duration="0.000433" asserts="1" />
            <test-case id="1055" name="IsFourLettersTestRandom([&quot;;UTt&quot;, &quot;=?QVQ&quot;, &quot;z;d6_&quot;, &quot;ma&quot;, &quot;bl;0Ds&quot;, ...],[&quot;;UTt&quot;, &quot;83J0&quot;, &quot;w6=y&quot;, &quot;iazY&quot;, &quot;M2Nc&quot;, ...])" fullname="Open_Lab_04._08.Tests.IsFourLettersTestRandom([&quot;;UTt&quot;, &quot;=?QVQ&quot;, &quot;z;d6_&quot;, &quot;ma&quot;, &quot;bl;0Ds&quot;, ...],[&quot;;UTt&quot;, &quot;83J0&quot;, &quot;w6=y&quot;, &quot;iazY&quot;, &quot;M2Nc&quot;, ...])" methodname="IsFourLettersTestRandom" classname="Open_Lab_04._08.Tests" runstate="Runnable" seed="2089844644" result="Passed" start-time="2021-11-09 20:19:33Z" end-time="2021-11-09 20:19:33Z" duration="0.000574" asserts="1" />
            <test-case id="1056" name="IsFourLettersTestRandom([&quot;6?Ws_&quot;, &quot;3MGPy&quot;, &quot;ePL&quot;, &quot;_m&quot;, &quot;1sJs3&quot;, ...],[&quot;=Zur&quot;, &quot;;q30&quot;, &quot;qHTe&quot;, &quot;T@&lt;5&quot;, &quot;[0Jn&quot;, ...])" fullname="Open_Lab_04._08.Tests.IsFourLettersTestRandom([&quot;6?Ws_&quot;, &quot;3MGPy&quot;, &quot;ePL&quot;, &quot;_m&quot;, &quot;1sJs3&quot;, ...],[&quot;=Zur&quot;, &quot;;q30&quot;, &quot;qHTe&quot;, &quot;T@&lt;5&quot;, &quot;[0Jn&quot;, ...])" methodname="IsFourLettersTestRandom" classname="Open_Lab_04._08.Tests" runstate="Runnable" seed="1476195415" result="Passed" start-time="2021-11-09 20:19:33Z" end-time="2021-11-09 20:19:33Z" duration="0.000282" asserts="1" />
            <test-case id="1057" name="IsFourLettersTestRandom([&quot;`?&quot;, &quot;&lt;Ia\\&quot;, &quot;8;R6;&quot;, &quot;Q`q&quot;],[&quot;&lt;Ia\\&quot;])" fullname="Open_Lab_04._08.Tests.IsFourLettersTestRandom([&quot;`?&quot;, &quot;&lt;Ia\\&quot;, &quot;8;R6;&quot;, &quot;Q`q&quot;],[&quot;&lt;Ia\\&quot;])" methodname="IsFourLettersTestRandom" classname="Open_Lab_04._08.Tests" runstate="Runnable" seed="1578502550" result="Passed" start-time="2021-11-09 20:19:33Z" end-time="2021-11-09 20:19:33Z" duration="0.000342" asserts="1" />
            <test-case id="1058" name="IsFourLettersTestRandom([&quot;YT]yV&quot;, &quot;MRZzS&quot;, &quot;BQrzq&quot;, &quot;@W:&quot;, &quot;Ib8S:w&quot;, ...],[&quot;xTd2&quot;, &quot;E`oW&quot;, &quot;8zBQ&quot;, &quot;8Kx1&quot;, &quot;62P&gt;&quot;, ...])" fullname="Open_Lab_04._08.Tests.IsFourLettersTestRandom([&quot;YT]yV&quot;, &quot;MRZzS&quot;, &quot;BQrzq&quot;, &quot;@W:&quot;, &quot;Ib8S:w&quot;, ...],[&quot;xTd2&quot;, &quot;E`oW&quot;, &quot;8zBQ&quot;, &quot;8Kx1&quot;, &quot;62P&gt;&quot;, ...])" methodname="IsFourLettersTestRandom" classname="Open_Lab_04._08.Tests" runstate="Runnable" seed="1239562273" result="Passed" start-time="2021-11-09 20:19:33Z" end-time="2021-11-09 20:19:33Z" duration="0.000579" asserts="1" />
            <test-case id="1059" name="IsFourLettersTestRandom([&quot;f[C@&quot;, &quot;5O&quot;, &quot;9@&quot;, &quot;Gn&quot;, &quot;Lj&quot;, ...],[&quot;f[C@&quot;, &quot;V?Wm&quot;, &quot;GIH=&quot;, &quot;`C`W&quot;, &quot;0oTT&quot;, ...])" fullname="Open_Lab_04._08.Tests.IsFourLettersTestRandom([&quot;f[C@&quot;, &quot;5O&quot;, &quot;9@&quot;, &quot;Gn&quot;, &quot;Lj&quot;, ...],[&quot;f[C@&quot;, &quot;V?Wm&quot;, &quot;GIH=&quot;, &quot;`C`W&quot;, &quot;0oTT&quot;, ...])" methodname="IsFourLettersTestRandom" classname="Open_Lab_04._08.Tests" runstate="Runnable" seed="926357060" result="Passed" start-time="2021-11-09 20:19:33Z" end-time="2021-11-09 20:19:33Z" duration="0.000354" asserts="1" />
            <test-case id="1060" name="IsFourLettersTestRandom([&quot;vk204u&quot;, &quot;N3F&lt;K&quot;, &quot;TW2m&quot;, &quot;^J&quot;, &quot;T9v&quot;, ...],[&quot;TW2m&quot;, &quot;ZQa6&quot;, &quot;q=52&quot;, &quot;rA;F&quot;, &quot;kuuR&quot;, ...])" fullname="Open_Lab_04._08.Tests.IsFourLettersTestRandom([&quot;vk204u&quot;, &quot;N3F&lt;K&quot;, &quot;TW2m&quot;, &quot;^J&quot;, &quot;T9v&quot;, ...],[&quot;TW2m&quot;, &quot;ZQa6&quot;, &quot;q=52&quot;, &quot;rA;F&quot;, &quot;kuuR&quot;, ...])" methodname="IsFourLettersTestRandom" classname="Open_Lab_04._08.Tests" runstate="Runnable" seed="1289734327" result="Passed" start-time="2021-11-09 20:19:33Z" end-time="2021-11-09 20:19:33Z" duration="0.000216" asserts="1" />
            <test-case id="1061" name="IsFourLettersTestRandom([&quot;Ql0_&quot;, &quot;DLrCIL&quot;, &quot;^Jck&gt;&quot;, &quot;8l;pX&quot;, &quot;uw&quot;, ...],[&quot;Ql0_&quot;, &quot;@py2&quot;, &quot;I5S7&quot;, &quot;td_z&quot;, &quot;urMy&quot;, ...])" fullname="Open_Lab_04._08.Tests.IsFourLettersTestRandom([&quot;Ql0_&quot;, &quot;DLrCIL&quot;, &quot;^Jck&gt;&quot;, &quot;8l;pX&quot;, &quot;uw&quot;, ...],[&quot;Ql0_&quot;, &quot;@py2&quot;, &quot;I5S7&quot;, &quot;td_z&quot;, &quot;urMy&quot;, ...])" methodname="IsFourLettersTestRandom" classname="Open_Lab_04._08.Tests" runstate="Runnable" seed="2045525053" result="Passed" start-time="2021-11-09 20:19:33Z" end-time="2021-11-09 20:19:33Z" duration="0.000130" asserts="1" />
            <test-case id="1062" name="IsFourLettersTestRandom([&quot;1dGA&quot;, &quot;yKNiR5&quot;, &quot;=ba`ef&quot;, &quot;O&gt;cE&quot;, &quot;_v[rs&quot;],[&quot;1dGA&quot;, &quot;O&gt;cE&quot;])" fullname="Open_Lab_04._08.Tests.IsFourLettersTestRandom([&quot;1dGA&quot;, &quot;yKNiR5&quot;, &quot;=ba`ef&quot;, &quot;O&gt;cE&quot;, &quot;_v[rs&quot;],[&quot;1dGA&quot;, &quot;O&gt;cE&quot;])" methodname="IsFourLettersTestRandom" classname="Open_Lab_04._08.Tests" runstate="Runnable" seed="2128291087" result="Passed" start-time="2021-11-09 20:19:33Z" end-time="2021-11-09 20:19:33Z" duration="0.000100" asserts="1" />
            <test-case id="1063" name="IsFourLettersTestRandom([&quot;OCJi&quot;, &quot;ZKaRE&quot;, &quot;Hgrh&quot;, &quot;ZjlqbY&quot;, &quot;EIOV]&quot;, ...],[&quot;OCJi&quot;, &quot;Hgrh&quot;, &quot;nAlx&quot;, &quot;Q23`&quot;, &quot;]_UO&quot;, ...])" fullname="Open_Lab_04._08.Tests.IsFourLettersTestRandom([&quot;OCJi&quot;, &quot;ZKaRE&quot;, &quot;Hgrh&quot;, &quot;ZjlqbY&quot;, &quot;EIOV]&quot;, ...],[&quot;OCJi&quot;, &quot;Hgrh&quot;, &quot;nAlx&quot;, &quot;Q23`&quot;, &quot;]_UO&quot;, ...])" methodname="IsFourLettersTestRandom" classname="Open_Lab_04._08.Tests" runstate="Runnable" seed="2123073751" result="Passed" start-time="2021-11-09 20:19:33Z" end-time="2021-11-09 20:19:33Z" duration="0.000086" asserts="1" />
            <test-case id="1064" name="IsFourLettersTestRandom([&quot;&gt;riX&quot;, &quot;aub&lt;0&quot;, &quot;KL&quot;, &quot;tmW[@&quot;, &quot;\\@^Q4]&quot;, ...],[&quot;&gt;riX&quot;, &quot;f&gt;KY&quot;, &quot;SaxT&quot;, &quot;upWD&quot;, &quot;SfnV&quot;, ...])" fullname="Open_Lab_04._08.Tests.IsFourLettersTestRandom([&quot;&gt;riX&quot;, &quot;aub&lt;0&quot;, &quot;KL&quot;, &quot;tmW[@&quot;, &quot;\\@^Q4]&quot;, ...],[&quot;&gt;riX&quot;, &quot;f&gt;KY&quot;, &quot;SaxT&quot;, &quot;upWD&quot;, &quot;SfnV&quot;, ...])" methodname="IsFourLettersTestRandom" classname="Open_Lab_04._08.Tests" runstate="Runnable" seed="2007584280" result="Passed" start-time="2021-11-09 20:19:33Z" end-time="2021-11-09 20:19:33Z" duration="0.000690" asserts="1" />
            <test-case id="1065" name="IsFourLettersTestRandom([&quot;x:&quot;, &quot;_^Y&quot;, &quot;rIt86&quot;, &quot;r0&quot;, &quot;F1fI&quot;, ...],[&quot;F1fI&quot;, &quot;]uU^&quot;, &quot;A=5\\&quot;, &quot;l9d\\&quot;, &quot;rOOQ&quot;, ...])" fullname="Open_Lab_04._08.Tests.IsFourLettersTestRandom([&quot;x:&quot;, &quot;_^Y&quot;, &quot;rIt86&quot;, &quot;r0&quot;, &quot;F1fI&quot;, ...],[&quot;F1fI&quot;, &quot;]uU^&quot;, &quot;A=5\\&quot;, &quot;l9d\\&quot;, &quot;rOOQ&quot;, ...])" methodname="IsFourLettersTestRandom" classname="Open_Lab_04._08.Tests" runstate="Runnable" seed="113342101" result="Passed" start-time="2021-11-09 20:19:33Z" end-time="2021-11-09 20:19:33Z" duration="0.000131" asserts="1" />
            <test-case id="1066" name="IsFourLettersTestRandom([&quot;Rw[qLN&quot;, &quot;[D&quot;, &quot;LE@EF&quot;, &quot;CPOq7]&quot;, &quot;oBKA`;&quot;, ...],[&quot;8BNy&quot;])" fullname="Open_Lab_04._08.Tests.IsFourLettersTestRandom([&quot;Rw[qLN&quot;, &quot;[D&quot;, &quot;LE@EF&quot;, &quot;CPOq7]&quot;, &quot;oBKA`;&quot;, ...],[&quot;8BNy&quot;])" methodname="IsFourLettersTestRandom" classname="Open_Lab_04._08.Tests" runstate="Runnable" seed="1761689648" result="Passed" start-time="2021-11-09 20:19:33Z" end-time="2021-11-09 20:19:33Z" duration="0.000072" asserts="1" />
            <test-case id="1067" name="IsFourLettersTestRandom([&quot;ek2&lt;&quot;, &quot;Zu&quot;, &quot;h1[4X&quot;, &quot;4sS:&quot;, &quot;HR&quot;, ...],[&quot;ek2&lt;&quot;, &quot;4sS:&quot;, &quot;IaEe&quot;, &quot;Cxi]&quot;, &quot;;x9n&quot;, ...])" fullname="Open_Lab_04._08.Tests.IsFourLettersTestRandom([&quot;ek2&lt;&quot;, &quot;Zu&quot;, &quot;h1[4X&quot;, &quot;4sS:&quot;, &quot;HR&quot;, ...],[&quot;ek2&lt;&quot;, &quot;4sS:&quot;, &quot;IaEe&quot;, &quot;Cxi]&quot;, &quot;;x9n&quot;, ...])" methodname="IsFourLettersTestRandom" classname="Open_Lab_04._08.Tests" runstate="Runnable" seed="1774264997" result="Passed" start-time="2021-11-09 20:19:33Z" end-time="2021-11-09 20:19:33Z" duration="0.000091" asserts="1" />
            <test-case id="1068" name="IsFourLettersTestRandom([&quot;KynX&quot;, &quot;_&gt;bd&quot;, &quot;d5o04&quot;, &quot;W3&quot;, &quot;oA&quot;, ...],[&quot;KynX&quot;, &quot;_&gt;bd&quot;, &quot;pmSw&quot;, &quot;X@HF&quot;, &quot;RXxc&quot;])" fullname="Open_Lab_04._08.Tests.IsFourLettersTestRandom([&quot;KynX&quot;, &quot;_&gt;bd&quot;, &quot;d5o04&quot;, &quot;W3&quot;, &quot;oA&quot;, ...],[&quot;KynX&quot;, &quot;_&gt;bd&quot;, &quot;pmSw&quot;, &quot;X@HF&quot;, &quot;RXxc&quot;])" methodname="IsFourLettersTestRandom" classname="Open_Lab_04._08.Tests" runstate="Runnable" seed="1678154061" result="Passed" start-time="2021-11-09 20:19:33Z" end-time="2021-11-09 20:19:33Z" duration="0.000071" asserts="1" />
            <test-case id="1069" name="IsFourLettersTestRandom([&quot;7CaZQ&quot;, &quot;SXII&quot;, &quot;&gt;s9C&quot;, &quot;^Ir9sp&quot;, &quot;6;RTpZ&quot;, ...],[&quot;SXII&quot;, &quot;&gt;s9C&quot;, &quot;14WM&quot;, &quot;S^Yt&quot;, &quot;Xi]Y&quot;, ...])" fullname="Open_Lab_04._08.Tests.IsFourLettersTestRandom([&quot;7CaZQ&quot;, &quot;SXII&quot;, &quot;&gt;s9C&quot;, &quot;^Ir9sp&quot;, &quot;6;RTpZ&quot;, ...],[&quot;SXII&quot;, &quot;&gt;s9C&quot;, &quot;14WM&quot;, &quot;S^Yt&quot;, &quot;Xi]Y&quot;, ...])" methodname="IsFourLettersTestRandom" classname="Open_Lab_04._08.Tests" runstate="Runnable" seed="1640158404" result="Passed" start-time="2021-11-09 20:19:33Z" end-time="2021-11-09 20:19:33Z" duration="0.003224" asserts="1" />
            <test-case id="1070" name="IsFourLettersTestRandom([&quot;UKJMk&quot;, &quot;y8^&quot;, &quot;&gt;v1N&quot;, &quot;Y&lt;&quot;, &quot;5ary&quot;, ...],[&quot;&gt;v1N&quot;, &quot;5ary&quot;])" fullname="Open_Lab_04._08.Tests.IsFourLettersTestRandom([&quot;UKJMk&quot;, &quot;y8^&quot;, &quot;&gt;v1N&quot;, &quot;Y&lt;&quot;, &quot;5ary&quot;, ...],[&quot;&gt;v1N&quot;, &quot;5ary&quot;])" methodname="IsFourLettersTestRandom" classname="Open_Lab_04._08.Tests" runstate="Runnable" seed="1829624225" result="Passed" start-time="2021-11-09 20:19:33Z" end-time="2021-11-09 20:19:33Z" duration="0.000309" asserts="1" />
            <test-case id="1071" name="IsFourLettersTestRandom([&quot;3Im=Q5&quot;, &quot;wG&quot;, &quot;o\\1&quot;, &quot;iP:E&quot;, &quot;&gt;;&quot;, ...],[&quot;iP:E&quot;, &quot;\\8gw&quot;, &quot;ihtO&quot;, &quot;ZI`U&quot;, &quot;0sYS&quot;, ...])" fullname="Open_Lab_04._08.Tests.IsFourLettersTestRandom([&quot;3Im=Q5&quot;, &quot;wG&quot;, &quot;o\\1&quot;, &quot;iP:E&quot;, &quot;&gt;;&quot;, ...],[&quot;iP:E&quot;, &quot;\\8gw&quot;, &quot;ihtO&quot;, &quot;ZI`U&quot;, &quot;0sYS&quot;, ...])" methodname="IsFourLettersTestRandom" classname="Open_Lab_04._08.Tests" runstate="Runnable" seed="1690057828" result="Passed" start-time="2021-11-09 20:19:33Z" end-time="2021-11-09 20:19:33Z" duration="0.000198" asserts="1" />
            <test-case id="1072" name="IsFourLettersTestRandom([&quot;MZpsX^&quot;, &quot;[7[O?c&quot;, &quot;r0qxVs&quot;, &quot;U;b6&quot;, &quot;WnK3?&quot;, ...],[&quot;U;b6&quot;, &quot;5T4D&quot;, &quot;YA9B&quot;, &quot;;rjL&quot;, &quot;]v0H&quot;, ...])" fullname="Open_Lab_04._08.Tests.IsFourLettersTestRandom([&quot;MZpsX^&quot;, &quot;[7[O?c&quot;, &quot;r0qxVs&quot;, &quot;U;b6&quot;, &quot;WnK3?&quot;, ...],[&quot;U;b6&quot;, &quot;5T4D&quot;, &quot;YA9B&quot;, &quot;;rjL&quot;, &quot;]v0H&quot;, ...])" methodname="IsFourLettersTestRandom" classname="Open_Lab_04._08.Tests" runstate="Runnable" seed="413213378" result="Passed" start-time="2021-11-09 20:19:33Z" end-time="2021-11-09 20:19:33Z" duration="0.000195" asserts="1" />
            <test-case id="1073" name="IsFourLettersTestRandom([&quot;:x&quot;, &quot;Q[Nn&quot;, &quot;Eo&quot;, &quot;ffs=OA&quot;, &quot;:C0&quot;, ...],[&quot;Q[Nn&quot;, &quot;EZ87&quot;, &quot;p2p:&quot;, &quot;&lt;wF_&quot;, &quot;I0zR&quot;, ...])" fullname="Open_Lab_04._08.Tests.IsFourLettersTestRandom([&quot;:x&quot;, &quot;Q[Nn&quot;, &quot;Eo&quot;, &quot;ffs=OA&quot;, &quot;:C0&quot;, ...],[&quot;Q[Nn&quot;, &quot;EZ87&quot;, &quot;p2p:&quot;, &quot;&lt;wF_&quot;, &quot;I0zR&quot;, ...])" methodname="IsFourLettersTestRandom" classname="Open_Lab_04._08.Tests" runstate="Runnable" seed="1366781358" result="Passed" start-time="2021-11-09 20:19:33Z" end-time="2021-11-09 20:19:33Z" duration="0.000125" asserts="1" />
            <test-case id="1074" name="IsFourLettersTestRandom([&quot;uokr9G&quot;, &quot;?2k1Z&quot;, &quot;DMUPcc&quot;, &quot;@Op&quot;, &quot;bt:X&quot;, ...],[&quot;bt:X&quot;, &quot;ew7r&quot;, &quot;RhXx&quot;, &quot;Eo3&gt;&quot;, &quot;Af_D&quot;, ...])" fullname="Open_Lab_04._08.Tests.IsFourLettersTestRandom([&quot;uokr9G&quot;, &quot;?2k1Z&quot;, &quot;DMUPcc&quot;, &quot;@Op&quot;, &quot;bt:X&quot;, ...],[&quot;bt:X&quot;, &quot;ew7r&quot;, &quot;RhXx&quot;, &quot;Eo3&gt;&quot;, &quot;Af_D&quot;, ...])" methodname="IsFourLettersTestRandom" classname="Open_Lab_04._08.Tests" runstate="Runnable" seed="1807678286" result="Passed" start-time="2021-11-09 20:19:33Z" end-time="2021-11-09 20:19:33Z" duration="0.000357" asserts="1" />
            <test-case id="1075" name="IsFourLettersTestRandom([&quot;_gts&quot;, &quot;vYZXxb&quot;, &quot;ycCt@^&quot;, &quot;7yf&quot;, &quot;pUJC&quot;, ...],[&quot;_gts&quot;, &quot;pUJC&quot;, &quot;k&lt;30&quot;, &quot;UtG4&quot;, &quot;5np1&quot;, ...])" fullname="Open_Lab_04._08.Tests.IsFourLettersTestRandom([&quot;_gts&quot;, &quot;vYZXxb&quot;, &quot;ycCt@^&quot;, &quot;7yf&quot;, &quot;pUJC&quot;, ...],[&quot;_gts&quot;, &quot;pUJC&quot;, &quot;k&lt;30&quot;, &quot;UtG4&quot;, &quot;5np1&quot;, ...])" methodname="IsFourLettersTestRandom" classname="Open_Lab_04._08.Tests" runstate="Runnable" seed="332860864" result="Passed" start-time="2021-11-09 20:19:33Z" end-time="2021-11-09 20:19:33Z" duration="0.000313" asserts="1" />
            <test-case id="1076" name="IsFourLettersTestRandom([&quot;L=Dv&quot;, &quot;Et2oC&quot;, &quot;uMXh&quot;, &quot;USmd4&quot;, &quot;ct&quot;, ...],[&quot;L=Dv&quot;, &quot;uMXh&quot;, &quot;jWVX&quot;, &quot;FEc&gt;&quot;, &quot;&gt;_3x&quot;, ...])" fullname="Open_Lab_04._08.Tests.IsFourLettersTestRandom([&quot;L=Dv&quot;, &quot;Et2oC&quot;, &quot;uMXh&quot;, &quot;USmd4&quot;, &quot;ct&quot;, ...],[&quot;L=Dv&quot;, &quot;uMXh&quot;, &quot;jWVX&quot;, &quot;FEc&gt;&quot;, &quot;&gt;_3x&quot;, ...])" methodname="IsFourLettersTestRandom" classname="Open_Lab_04._08.Tests" runstate="Runnable" seed="582522519" result="Passed" start-time="2021-11-09 20:19:33Z" end-time="2021-11-09 20:19:33Z" duration="0.000238" asserts="1" />
            <test-case id="1077" name="IsFourLettersTestRandom([&quot;bfqI=&quot;, &quot;5pezJ2&quot;, &quot;xqrEqP&quot;, &quot;cw:o]&quot;, &quot;ZI76?&quot;, ...],[&quot;yT5t&quot;, &quot;fh_j&quot;, &quot;x4&lt;2&quot;, &quot;@802&quot;, &quot;NHLh&quot;, ...])" fullname="Open_Lab_04._08.Tests.IsFourLettersTestRandom([&quot;bfqI=&quot;, &quot;5pezJ2&quot;, &quot;xqrEqP&quot;, &quot;cw:o]&quot;, &quot;ZI76?&quot;, ...],[&quot;yT5t&quot;, &quot;fh_j&quot;, &quot;x4&lt;2&quot;, &quot;@802&quot;, &quot;NHLh&quot;, ...])" methodname="IsFourLettersTestRandom" classname="Open_Lab_04._08.Tests" runstate="Runnable" seed="895197893" result="Passed" start-time="2021-11-09 20:19:33Z" end-time="2021-11-09 20:19:33Z" duration="0.000177" asserts="1" />
            <test-case id="1078" name="IsFourLettersTestRandom([&quot;LKC&quot;, &quot;v0@[&quot;, &quot;o;&quot;, &quot;Ym1s&quot;, &quot;UD^t5&quot;, ...],[&quot;v0@[&quot;, &quot;Ym1s&quot;, &quot;:W4o&quot;, &quot;Q:?J&quot;, &quot;;P^g&quot;, ...])" fullname="Open_Lab_04._08.Tests.IsFourLettersTestRandom([&quot;LKC&quot;, &quot;v0@[&quot;, &quot;o;&quot;, &quot;Ym1s&quot;, &quot;UD^t5&quot;, ...],[&quot;v0@[&quot;, &quot;Ym1s&quot;, &quot;:W4o&quot;, &quot;Q:?J&quot;, &quot;;P^g&quot;, ...])" methodname="IsFourLettersTestRandom" classname="Open_Lab_04._08.Tests" runstate="Runnable" seed="1373711701" result="Passed" start-time="2021-11-09 20:19:33Z" end-time="2021-11-09 20:19:33Z" duration="0.000242" asserts="1" />
            <test-case id="1079" name="IsFourLettersTestRandom([&quot;hRDcQl&quot;, &quot;rM&quot;, &quot;V3LAq&quot;, &quot;`V&quot;, &quot;ZmR=RU&quot;, ...],[&quot;PrxE&quot;, &quot;41CX&quot;, &quot;Jzcp&quot;])" fullname="Open_Lab_04._08.Tests.IsFourLettersTestRandom([&quot;hRDcQl&quot;, &quot;rM&quot;, &quot;V3LAq&quot;, &quot;`V&quot;, &quot;ZmR=RU&quot;, ...],[&quot;PrxE&quot;, &quot;41CX&quot;, &quot;Jzcp&quot;])" methodname="IsFourLettersTestRandom" classname="Open_Lab_04._08.Tests" runstate="Runnable" seed="960363284" result="Passed" start-time="2021-11-09 20:19:33Z" end-time="2021-11-09 20:19:33Z" duration="0.000165" asserts="1" />
            <test-case id="1080" name="IsFourLettersTestRandom([&quot;fo&quot;, &quot;8&gt;\\a&quot;, &quot;YGHIT&quot;, &quot;upKxl&quot;, &quot;`3&quot;, ...],[&quot;8&gt;\\a&quot;, &quot;Y6&gt;9&quot;, &quot;ucKU&quot;, &quot;lp62&quot;, &quot;A18j&quot;, ...])" fullname="Open_Lab_04._08.Tests.IsFourLettersTestRandom([&quot;fo&quot;, &quot;8&gt;\\a&quot;, &quot;YGHIT&quot;, &quot;upKxl&quot;, &quot;`3&quot;, ...],[&quot;8&gt;\\a&quot;, &quot;Y6&gt;9&quot;, &quot;ucKU&quot;, &quot;lp62&quot;, &quot;A18j&quot;, ...])" methodname="IsFourLettersTestRandom" classname="Open_Lab_04._08.Tests" runstate="Runnable" seed="445117813" result="Passed" start-time="2021-11-09 20:19:33Z" end-time="2021-11-09 20:19:33Z" duration="0.000483" asserts="1" />
            <test-case id="1081" name="IsFourLettersTestRandom([&quot;Lvb&quot;, &quot;]l_oC_&quot;, &quot;q&gt;&quot;, &quot;uH&gt;^0&gt;&quot;, &quot;qL``&quot;, ...],[&quot;qL``&quot;, &quot;Ho]_&quot;, &quot;Y2&lt;Z&quot;, &quot;qADS&quot;, &quot;aG^L&quot;, ...])" fullname="Open_Lab_04._08.Tests.IsFourLettersTestRandom([&quot;Lvb&quot;, &quot;]l_oC_&quot;, &quot;q&gt;&quot;, &quot;uH&gt;^0&gt;&quot;, &quot;qL``&quot;, ...],[&quot;qL``&quot;, &quot;Ho]_&quot;, &quot;Y2&lt;Z&quot;, &quot;qADS&quot;, &quot;aG^L&quot;, ...])" methodname="IsFourLettersTestRandom" classname="Open_Lab_04._08.Tests" runstate="Runnable" seed="1494681580" result="Passed" start-time="2021-11-09 20:19:33Z" end-time="2021-11-09 20:19:33Z" duration="0.000860" asserts="1" />
            <test-case id="1082" name="IsFourLettersTestRandom([&quot;gWt&quot;, &quot;u2cry&quot;, &quot;q&gt;n2Lc&quot;, &quot;Cs01&quot;, &quot;2G&quot;, ...],[&quot;Cs01&quot;, &quot;x0sp&quot;, &quot;Sk95&quot;, &quot;`u8u&quot;, &quot;4Kjd&quot;, ...])" fullname="Open_Lab_04._08.Tests.IsFourLettersTestRandom([&quot;gWt&quot;, &quot;u2cry&quot;, &quot;q&gt;n2Lc&quot;, &quot;Cs01&quot;, &quot;2G&quot;, ...],[&quot;Cs01&quot;, &quot;x0sp&quot;, &quot;Sk95&quot;, &quot;`u8u&quot;, &quot;4Kjd&quot;, ...])" methodname="IsFourLettersTestRandom" classname="Open_Lab_04._08.Tests" runstate="Runnable" seed="36051438" result="Passed" start-time="2021-11-09 20:19:33Z" end-time="2021-11-09 20:19:33Z" duration="0.000155" asserts="1" />
            <test-case id="1083" name="IsFourLettersTestRandom([&quot;StS&quot;, &quot;DgJ6&quot;, &quot;yTjJ&quot;, &quot;IcB1H&quot;, &quot;KsHN&quot;, ...],[&quot;DgJ6&quot;, &quot;yTjJ&quot;, &quot;KsHN&quot;, &quot;z4I=&quot;, &quot;5ZmY&quot;, ...])" fullname="Open_Lab_04._08.Tests.IsFourLettersTestRandom([&quot;StS&quot;, &quot;DgJ6&quot;, &quot;yTjJ&quot;, &quot;IcB1H&quot;, &quot;KsHN&quot;, ...],[&quot;DgJ6&quot;, &quot;yTjJ&quot;, &quot;KsHN&quot;, &quot;z4I=&quot;, &quot;5ZmY&quot;, ...])" methodname="IsFourLettersTestRandom" classname="Open_Lab_04._08.Tests" runstate="Runnable" seed="1424170519" result="Passed" start-time="2021-11-09 20:19:33Z" end-time="2021-11-09 20:19:33Z" duration="0.000143" asserts="1" />
            <test-case id="1084" name="IsFourLettersTestRandom([&quot;66[G^b&quot;, &quot;z`Z3&quot;, &quot;=U&quot;, &quot;BQY&lt;&quot;, &quot;Qv&quot;, ...],[&quot;z`Z3&quot;, &quot;BQY&lt;&quot;, &quot;?_Uj&quot;, &quot;:`Bu&quot;, &quot;4oN_&quot;, ...])" fullname="Open_Lab_04._08.Tests.IsFourLettersTestRandom([&quot;66[G^b&quot;, &quot;z`Z3&quot;, &quot;=U&quot;, &quot;BQY&lt;&quot;, &quot;Qv&quot;, ...],[&quot;z`Z3&quot;, &quot;BQY&lt;&quot;, &quot;?_Uj&quot;, &quot;:`Bu&quot;, &quot;4oN_&quot;, ...])" methodname="IsFourLettersTestRandom" classname="Open_Lab_04._08.Tests" runstate="Runnable" seed="1716112484" result="Passed" start-time="2021-11-09 20:19:33Z" end-time="2021-11-09 20:19:33Z" duration="0.000198" asserts="1" />
            <test-case id="1085" name="IsFourLettersTestRandom([&quot;7WD@j&quot;, &quot;\\^xF&quot;, &quot;Iq&quot;, &quot;aop&quot;, &quot;mcC&quot;, ...],[&quot;\\^xF&quot;, &quot;Zb7&lt;&quot;, &quot;k1RW&quot;, &quot;=S0s&quot;, &quot;zW7N&quot;, ...])" fullname="Open_Lab_04._08.Tests.IsFourLettersTestRandom([&quot;7WD@j&quot;, &quot;\\^xF&quot;, &quot;Iq&quot;, &quot;aop&quot;, &quot;mcC&quot;, ...],[&quot;\\^xF&quot;, &quot;Zb7&lt;&quot;, &quot;k1RW&quot;, &quot;=S0s&quot;, &quot;zW7N&quot;, ...])" methodname="IsFourLettersTestRandom" classname="Open_Lab_04._08.Tests" runstate="Runnable" seed="907463652" result="Passed" start-time="2021-11-09 20:19:33Z" end-time="2021-11-09 20:19:33Z" duration="0.000200" asserts="1" />
            <test-case id="1086" name="IsFourLettersTestRandom([&quot;Tx8`&quot;, &quot;w]&quot;, &quot;4b&quot;, &quot;1z\\q?&quot;, &quot;:[`wN&quot;, ...],[&quot;Tx8`&quot;, &quot;GZQy&quot;, &quot;7Kr\\&quot;, &quot;L1JV&quot;, &quot;Cw^_&quot;, ...])" fullname="Open_Lab_04._08.Tests.IsFourLettersTestRandom([&quot;Tx8`&quot;, &quot;w]&quot;, &quot;4b&quot;, &quot;1z\\q?&quot;, &quot;:[`wN&quot;, ...],[&quot;Tx8`&quot;, &quot;GZQy&quot;, &quot;7Kr\\&quot;, &quot;L1JV&quot;, &quot;Cw^_&quot;, ...])" methodname="IsFourLettersTestRandom" classname="Open_Lab_04._08.Tests" runstate="Runnable" seed="1927589409" result="Passed" start-time="2021-11-09 20:19:33Z" end-time="2021-11-09 20:19:33Z" duration="0.000285" asserts="1" />
            <test-case id="1087" name="IsFourLettersTestRandom([&quot;_\\E0&quot;, &quot;2Rk&quot;, &quot;&lt;:Ti&quot;, &quot;?W[Wc&quot;, &quot;ix_&quot;, ...],[&quot;_\\E0&quot;, &quot;&lt;:Ti&quot;, &quot;r;JT&quot;, &quot;H&gt;wn&quot;, &quot;Tk5W&quot;, ...])" fullname="Open_Lab_04._08.Tests.IsFourLettersTestRandom([&quot;_\\E0&quot;, &quot;2Rk&quot;, &quot;&lt;:Ti&quot;, &quot;?W[Wc&quot;, &quot;ix_&quot;, ...],[&quot;_\\E0&quot;, &quot;&lt;:Ti&quot;, &quot;r;JT&quot;, &quot;H&gt;wn&quot;, &quot;Tk5W&quot;, ...])" methodname="IsFourLettersTestRandom" classname="Open_Lab_04._08.Tests" runstate="Runnable" seed="201829534" result="Passed" start-time="2021-11-09 20:19:33Z" end-time="2021-11-09 20:19:33Z" duration="0.000129" asserts="1" />
            <test-case id="1088" name="IsFourLettersTestRandom([&quot;?e&quot;, &quot;khq^&quot;, &quot;sxM^&quot;, &quot;vZar&quot;, &quot;tN&quot;, ...],[&quot;khq^&quot;, &quot;sxM^&quot;, &quot;vZar&quot;, &quot;;jUr&quot;, &quot;8&gt;4l&quot;, ...])" fullname="Open_Lab_04._08.Tests.IsFourLettersTestRandom([&quot;?e&quot;, &quot;khq^&quot;, &quot;sxM^&quot;, &quot;vZar&quot;, &quot;tN&quot;, ...],[&quot;khq^&quot;, &quot;sxM^&quot;, &quot;vZar&quot;, &quot;;jUr&quot;, &quot;8&gt;4l&quot;, ...])" methodname="IsFourLettersTestRandom" classname="Open_Lab_04._08.Tests" runstate="Runnable" seed="1138626229" result="Passed" start-time="2021-11-09 20:19:33Z" end-time="2021-11-09 20:19:33Z" duration="0.000271" asserts="1" />
            <test-case id="1089" name="IsFourLettersTestRandom([&quot;dt[w&quot;, &quot;565B7&quot;, &quot;3KT&quot;, &quot;M??wi@&quot;, &quot;s]r&quot;, ...],[&quot;dt[w&quot;, &quot;Hsyk&quot;, &quot;Y7f9&quot;, &quot;yfg_&quot;, &quot;g\\lY&quot;, ...])" fullname="Open_Lab_04._08.Tests.IsFourLettersTestRandom([&quot;dt[w&quot;, &quot;565B7&quot;, &quot;3KT&quot;, &quot;M??wi@&quot;, &quot;s]r&quot;, ...],[&quot;dt[w&quot;, &quot;Hsyk&quot;, &quot;Y7f9&quot;, &quot;yfg_&quot;, &quot;g\\lY&quot;, ...])" methodname="IsFourLettersTestRandom" classname="Open_Lab_04._08.Tests" runstate="Runnable" seed="427605871" result="Passed" start-time="2021-11-09 20:19:33Z" end-time="2021-11-09 20:19:33Z" duration="0.000317" asserts="1" />
            <test-case id="1090" name="IsFourLettersTestRandom([&quot;[P8@v&quot;, &quot;7^^Qp6&quot;, &quot;MZVn3&quot;, &quot;ZQ&gt;3\\&quot;, &quot;kNA_&quot;, ...],[&quot;kNA_&quot;, &quot;n1w_&quot;, &quot;4QE0&quot;, &quot;k]kG&quot;, &quot;ob8z&quot;, ...])" fullname="Open_Lab_04._08.Tests.IsFourLettersTestRandom([&quot;[P8@v&quot;, &quot;7^^Qp6&quot;, &quot;MZVn3&quot;, &quot;ZQ&gt;3\\&quot;, &quot;kNA_&quot;, ...],[&quot;kNA_&quot;, &quot;n1w_&quot;, &quot;4QE0&quot;, &quot;k]kG&quot;, &quot;ob8z&quot;, ...])" methodname="IsFourLettersTestRandom" classname="Open_Lab_04._08.Tests" runstate="Runnable" seed="1077833622" result="Passed" start-time="2021-11-09 20:19:33Z" end-time="2021-11-09 20:19:33Z" duration="0.000108" asserts="1" />
            <test-case id="1091" name="IsFourLettersTestRandom([&quot;8TW4P&quot;, &quot;80eq&quot;, &quot;p9&quot;, &quot;Ff&quot;, &quot;O;&quot;, ...],[&quot;80eq&quot;, &quot;g:p[&quot;, &quot;mmEk&quot;, &quot;0zWg&quot;, &quot;K8qF&quot;, ...])" fullname="Open_Lab_04._08.Tests.IsFourLettersTestRandom([&quot;8TW4P&quot;, &quot;80eq&quot;, &quot;p9&quot;, &quot;Ff&quot;, &quot;O;&quot;, ...],[&quot;80eq&quot;, &quot;g:p[&quot;, &quot;mmEk&quot;, &quot;0zWg&quot;, &quot;K8qF&quot;, ...])" methodname="IsFourLettersTestRandom" classname="Open_Lab_04._08.Tests" runstate="Runnable" seed="1830263833" result="Passed" start-time="2021-11-09 20:19:33Z" end-time="2021-11-09 20:19:33Z" duration="0.000192" asserts="1" />
            <test-case id="1092" name="IsFourLettersTestRandom([&quot;k\\&quot;, &quot;^&lt;@&quot;, &quot;9I4c&quot;, &quot;W&gt;m3z&quot;, &quot;wHv&quot;, ...],[&quot;9I4c&quot;, &quot;UB3a&quot;, &quot;3r5h&quot;, &quot;S4`:&quot;, &quot;jXzi&quot;, ...])" fullname="Open_Lab_04._08.Tests.IsFourLettersTestRandom([&quot;k\\&quot;, &quot;^&lt;@&quot;, &quot;9I4c&quot;, &quot;W&gt;m3z&quot;, &quot;wHv&quot;, ...],[&quot;9I4c&quot;, &quot;UB3a&quot;, &quot;3r5h&quot;, &quot;S4`:&quot;, &quot;jXzi&quot;, ...])" methodname="IsFourLettersTestRandom" classname="Open_Lab_04._08.Tests" runstate="Runnable" seed="1313572480" result="Passed" start-time="2021-11-09 20:19:33Z" end-time="2021-11-09 20:19:33Z" duration="0.000090" asserts="1" />
            <test-case id="1093" name="IsFourLettersTestRandom([&quot;2jDc_?&quot;, &quot;mF?7zz&quot;, &quot;7&lt;K&quot;, &quot;7KY6&quot;, &quot;Kf&quot;, ...],[&quot;7KY6&quot;, &quot;:w2S&quot;, &quot;l`H[&quot;, &quot;`Y=^&quot;, &quot;a[je&quot;, ...])" fullname="Open_Lab_04._08.Tests.IsFourLettersTestRandom([&quot;2jDc_?&quot;, &quot;mF?7zz&quot;, &quot;7&lt;K&quot;, &quot;7KY6&quot;, &quot;Kf&quot;, ...],[&quot;7KY6&quot;, &quot;:w2S&quot;, &quot;l`H[&quot;, &quot;`Y=^&quot;, &quot;a[je&quot;, ...])" methodname="IsFourLettersTestRandom" classname="Open_Lab_04._08.Tests" runstate="Runnable" seed="478504158" result="Passed" start-time="2021-11-09 20:19:33Z" end-time="2021-11-09 20:19:33Z" duration="0.000085" asserts="1" />
            <test-case id="1094" name="IsFourLettersTestRandom([&quot;kCE&quot;, &quot;i4&quot;, &quot;4hU&quot;, &quot;2Y\\QHN&quot;, &quot;1&gt;mn&quot;, ...],[&quot;1&gt;mn&quot;, &quot;BZSG&quot;, &quot;;esg&quot;, &quot;62d?&quot;, &quot;O@Hz&quot;, ...])" fullname="Open_Lab_04._08.Tests.IsFourLettersTestRandom([&quot;kCE&quot;, &quot;i4&quot;, &quot;4hU&quot;, &quot;2Y\\QHN&quot;, &quot;1&gt;mn&quot;, ...],[&quot;1&gt;mn&quot;, &quot;BZSG&quot;, &quot;;esg&quot;, &quot;62d?&quot;, &quot;O@Hz&quot;, ...])" methodname="IsFourLettersTestRandom" classname="Open_Lab_04._08.Tests" runstate="Runnable" seed="613637492" result="Passed" start-time="2021-11-09 20:19:33Z" end-time="2021-11-09 20:19:33Z" duration="0.000078" asserts="1" />
            <test-case id="1095" name="IsFourLettersTestRandom([&quot;P&lt;&quot;, &quot;Yrne@W&quot;, &quot;8xkH&quot;, &quot;sTy&quot;, &quot;ZT:@&quot;, ...],[&quot;8xkH&quot;, &quot;ZT:@&quot;, &quot;ilaI&quot;, &quot;wCkR&quot;, &quot;eDkZ&quot;, ...])" fullname="Open_Lab_04._08.Tests.IsFourLettersTestRandom([&quot;P&lt;&quot;, &quot;Yrne@W&quot;, &quot;8xkH&quot;, &quot;sTy&quot;, &quot;ZT:@&quot;, ...],[&quot;8xkH&quot;, &quot;ZT:@&quot;, &quot;ilaI&quot;, &quot;wCkR&quot;, &quot;eDkZ&quot;, ...])" methodname="IsFourLettersTestRandom" classname="Open_Lab_04._08.Tests" runstate="Runnable" seed="1111432537" result="Passed" start-time="2021-11-09 20:19:33Z" end-time="2021-11-09 20:19:33Z" duration="0.000125" asserts="1" />
            <test-case id="1096" name="IsFourLettersTestRandom([&quot;4EV\\tv&quot;, &quot;cN0zD&quot;, &quot;_D&gt;F:5&quot;, &quot;8Ub^&quot;, &quot;vMT&lt;z&quot;, ...],[&quot;8Ub^&quot;, &quot;Wt5O&quot;, &quot;A\\bB&quot;, &quot;7Pda&quot;, &quot;d;4v&quot;, ...])" fullname="Open_Lab_04._08.Tests.IsFourLettersTestRandom([&quot;4EV\\tv&quot;, &quot;cN0zD&quot;, &quot;_D&gt;F:5&quot;, &quot;8Ub^&quot;, &quot;vMT&lt;z&quot;, ...],[&quot;8Ub^&quot;, &quot;Wt5O&quot;, &quot;A\\bB&quot;, &quot;7Pda&quot;, &quot;d;4v&quot;, ...])" methodname="IsFourLettersTestRandom" classname="Open_Lab_04._08.Tests" runstate="Runnable" seed="1674314281" result="Passed" start-time="2021-11-09 20:19:33Z" end-time="2021-11-09 20:19:33Z" duration="0.000124" asserts="1" />
            <test-case id="1097" name="IsFourLettersTestRandom([&quot;o6&lt;J:s&quot;, &quot;ezO&quot;, &quot;&gt;9&quot;, &quot;3Rz&quot;, &quot;f]C?d&quot;, ...],[&quot;WY;C&quot;, &quot;1H`O&quot;, &quot;_L?H&quot;, &quot;UTFX&quot;, &quot;E^`w&quot;, ...])" fullname="Open_Lab_04._08.Tests.IsFourLettersTestRandom([&quot;o6&lt;J:s&quot;, &quot;ezO&quot;, &quot;&gt;9&quot;, &quot;3Rz&quot;, &quot;f]C?d&quot;, ...],[&quot;WY;C&quot;, &quot;1H`O&quot;, &quot;_L?H&quot;, &quot;UTFX&quot;, &quot;E^`w&quot;, ...])" methodname="IsFourLettersTestRandom" classname="Open_Lab_04._08.Tests" runstate="Runnable" seed="676200233" result="Passed" start-time="2021-11-09 20:19:33Z" end-time="2021-11-09 20:19:33Z" duration="0.000091" asserts="1" />
            <test-case id="1098" name="IsFourLettersTestRandom([&quot;CoCX&quot;, &quot;@^1nJe&quot;, &quot;`xF6[9&quot;, &quot;eY&quot;, &quot;MO&lt;&quot;, ...],[&quot;CoCX&quot;, &quot;y``_&quot;, &quot;pd4=&quot;, &quot;gVxs&quot;, &quot;Idc6&quot;, ...])" fullname="Open_Lab_04._08.Tests.IsFourLettersTestRandom([&quot;CoCX&quot;, &quot;@^1nJe&quot;, &quot;`xF6[9&quot;, &quot;eY&quot;, &quot;MO&lt;&quot;, ...],[&quot;CoCX&quot;, &quot;y``_&quot;, &quot;pd4=&quot;, &quot;gVxs&quot;, &quot;Idc6&quot;, ...])" methodname="IsFourLettersTestRandom" classname="Open_Lab_04._08.Tests" runstate="Runnable" seed="159430681" result="Passed" start-time="2021-11-09 20:19:33Z" end-time="2021-11-09 20:19:33Z" duration="0.000082" asserts="1" />
            <test-case id="1099" name="IsFourLettersTestRandom([&quot;Sl4yt2&quot;, &quot;lbr&quot;, &quot;DZ&quot;, &quot;pX7^4&quot;, &quot;T`&quot;, ...],[&quot;Y58v&quot;])" fullname="Open_Lab_04._08.Tests.IsFourLettersTestRandom([&quot;Sl4yt2&quot;, &quot;lbr&quot;, &quot;DZ&quot;, &quot;pX7^4&quot;, &quot;T`&quot;, ...],[&quot;Y58v&quot;])" methodname="IsFourLettersTestRandom" classname="Open_Lab_04._08.Tests" runstate="Runnable" seed="235031962" result="Passed" start-time="2021-11-09 20:19:33Z" end-time="2021-11-09 20:19:33Z" duration="0.000080" asserts="1" />
            <test-case id="1100" name="IsFourLettersTestRandom([&quot;XYg&quot;, &quot;BE&quot;, &quot;PFN&quot;, &quot;Dc&quot;, &quot;u@knp=&quot;, ...],[&quot;hWzC&quot;, &quot;QMUj&quot;, &quot;r@4&lt;&quot;, &quot;w8d`&quot;, &quot;f`me&quot;, ...])" fullname="Open_Lab_04._08.Tests.IsFourLettersTestRandom([&quot;XYg&quot;, &quot;BE&quot;, &quot;PFN&quot;, &quot;Dc&quot;, &quot;u@knp=&quot;, ...],[&quot;hWzC&quot;, &quot;QMUj&quot;, &quot;r@4&lt;&quot;, &quot;w8d`&quot;, &quot;f`me&quot;, ...])" methodname="IsFourLettersTestRandom" classname="Open_Lab_04._08.Tests" runstate="Runnable" seed="1827547087" result="Passed" start-time="2021-11-09 20:19:33Z" end-time="2021-11-09 20:19:33Z" duration="0.000104" asserts="1" />
            <test-case id="1101" name="IsFourLettersTestRandom([&quot;Rf7npB&quot;, &quot;9Bxh&quot;, &quot;mYxM&quot;, &quot;eh&quot;, &quot;EmH[&quot;, ...],[&quot;9Bxh&quot;, &quot;mYxM&quot;, &quot;EmH[&quot;, &quot;\\IAW&quot;, &quot;UZU0&quot;, ...])" fullname="Open_Lab_04._08.Tests.IsFourLettersTestRandom([&quot;Rf7npB&quot;, &quot;9Bxh&quot;, &quot;mYxM&quot;, &quot;eh&quot;, &quot;EmH[&quot;, ...],[&quot;9Bxh&quot;, &quot;mYxM&quot;, &quot;EmH[&quot;, &quot;\\IAW&quot;, &quot;UZU0&quot;, ...])" methodname="IsFourLettersTestRandom" classname="Open_Lab_04._08.Tests" runstate="Runnable" seed="620674507" result="Passed" start-time="2021-11-09 20:19:33Z" end-time="2021-11-09 20:19:33Z" duration="0.000120" asserts="1" />
          </test-suite>
        </test-suite>
      </test-suite>
    </test-suite>
  </test-suite>
</test-run>